[Nest] 26548  - 01:09:29 06/01/2026     LOG [Audit] [AUDIT] PM2_CONNECT | PM2 | Connected to PM2 | Success: true +0ms
[Nest] 26548  - 01:09:29 06/01/2026     LOG [Audit] [AUDIT] SERVER_STARTUP | SYSTEM | Server started on port 8000 | Success: true +14ms
[Nest] 26548  - 01:10:44 06/01/2026     LOG [Audit] [AUDIT] WEBSOCKET_AUTH_SUCCESS | WEBSOCKET | Client authenticated. Client: MeoPanel_master01. Total active connections: 1 | Success: true +1m
[Nest] 26548  - 01:12:48 06/01/2026     LOG [Audit] [AUDIT] WEBSOCKET_DISCONNECT | WEBSOCKET | Connection closed. Client: MeoPanel_master01. Total active connections: 0 | Success: true +2m
[Nest] 26548  - 01:12:49 06/01/2026     LOG [Audit] [AUDIT] WEBSOCKET_AUTH_SUCCESS | WEBSOCKET | Client authenticated. Client: MeoPanel_master01. Total active connections: 1 | Success: true +894ms
[Nest] 26548  - 01:14:25 06/01/2026     LOG [Audit] [AUDIT] WEBSOCKET_DISCONNECT | WEBSOCKET | Connection closed. Client: MeoPanel_master01. Total active connections: 0 | Success: true +2m
[Nest] 26548  - 01:14:26 06/01/2026     LOG [Audit] [AUDIT] WEBSOCKET_AUTH_SUCCESS | WEBSOCKET | Client authenticated. Client: MeoPanel_master01. Total active connections: 1 | Success: true +875ms
[Nest] 26548  - 01:18:33 06/01/2026     LOG [Audit] [AUDIT] WEBSOCKET_DISCONNECT | WEBSOCKET | Connection closed. Client: MeoPanel_master01. Total active connections: 0 | Success: true +4m
[Nest] 26548  - 01:18:34 06/01/2026     LOG [Audit] [AUDIT] WEBSOCKET_AUTH_SUCCESS | WEBSOCKET | Client authenticated. Client: MeoPanel_master01. Total active connections: 1 | Success: true +871ms
[Nest] 26548  - 01:19:19 06/01/2026     LOG [Audit] [AUDIT] WEBSOCKET_DISCONNECT | WEBSOCKET | Connection closed. Client: MeoPanel_master01. Total active connections: 0 | Success: true +46s
[Nest] 26548  - 01:19:20 06/01/2026     LOG [Audit] [AUDIT] WEBSOCKET_AUTH_SUCCESS | WEBSOCKET | Client authenticated. Client: MeoPanel_master01. Total active connections: 1 | Success: true +1s
[Nest] 22260  - 01:20:13 06/01/2026     LOG [Audit] [AUDIT] PM2_CONNECT | PM2 | Connected to PM2 | Success: true +0ms
[Nest] 22260  - 01:20:13 06/01/2026     LOG [Audit] [AUDIT] SERVER_STARTUP | SYSTEM | Server started on port 8000 | Success: true +7ms
[Nest] 22260  - 01:20:17 06/01/2026     LOG [Audit] [AUDIT] WEBSOCKET_AUTH_SUCCESS | WEBSOCKET | Client authenticated. Client: MeoPanel_master01. Total active connections: 1 | Success: true +4s
[Nest] 13060  - 01:20:30 06/01/2026     LOG [Audit] [AUDIT] PM2_CONNECT | PM2 | Connected to PM2 | Success: true +0ms
[Nest] 13060  - 01:20:30 06/01/2026     LOG [Audit] [AUDIT] SERVER_STARTUP | SYSTEM | Server started on port 8000 | Success: true +5ms
[Nest] 13060  - 01:20:34 06/01/2026     LOG [Audit] [AUDIT] WEBSOCKET_AUTH_SUCCESS | WEBSOCKET | Client authenticated. Client: MeoPanel_master01. Total active connections: 1 | Success: true +4s
[Nest] 2680  - 01:20:46 06/01/2026     LOG [Audit] [AUDIT] PM2_CONNECT | PM2 | Connected to PM2 | Success: true +0ms
[Nest] 2680  - 01:20:46 06/01/2026     LOG [Audit] [AUDIT] SERVER_STARTUP | SYSTEM | Server started on port 8000 | Success: true +6ms
[Nest] 2680  - 01:20:50 06/01/2026     LOG [Audit] [AUDIT] WEBSOCKET_AUTH_SUCCESS | WEBSOCKET | Client authenticated. Client: MeoPanel_master01. Total active connections: 1 | Success: true +4s
[Nest] 2680  - 01:21:33 06/01/2026     LOG [Audit] [AUDIT] WEBSOCKET_DISCONNECT | WEBSOCKET | Connection closed. Client: MeoPanel_master01. Total active connections: 0 | Success: true +42s
[Nest] 2680  - 01:21:34 06/01/2026     LOG [Audit] [AUDIT] WEBSOCKET_AUTH_SUCCESS | WEBSOCKET | Client authenticated. Client: MeoPanel_master01. Total active connections: 1 | Success: true +2s
[Nest] 2680  - 01:29:15 06/01/2026     LOG [Audit] [AUDIT] WEBSOCKET_DISCONNECT | WEBSOCKET | Connection closed. Client: MeoPanel_master01. Total active connections: 0 | Success: true +8m
[Nest] 2680  - 01:29:16 06/01/2026     LOG [Audit] [AUDIT] WEBSOCKET_AUTH_SUCCESS | WEBSOCKET | Client authenticated. Client: MeoPanel_master01. Total active connections: 1 | Success: true +894ms
[Nest] 2680  - 01:31:05 06/01/2026     LOG [Audit] [AUDIT] WEBSOCKET_DISCONNECT | WEBSOCKET | Connection closed. Client: MeoPanel_master01. Total active connections: 0 | Success: true +2m
[Nest] 2680  - 01:31:06 06/01/2026     LOG [Audit] [AUDIT] WEBSOCKET_AUTH_SUCCESS | WEBSOCKET | Client authenticated. Client: MeoPanel_master01. Total active connections: 1 | Success: true +882ms
[Nest] 2680  - 01:32:15 06/01/2026     LOG [Audit] [AUDIT] WEBSOCKET_DISCONNECT | WEBSOCKET | Connection closed. Client: MeoPanel_master01. Total active connections: 0 | Success: true +1m
[Nest] 2680  - 01:32:16 06/01/2026     LOG [Audit] [AUDIT] WEBSOCKET_AUTH_SUCCESS | WEBSOCKET | Client authenticated. Client: MeoPanel_master01. Total active connections: 1 | Success: true +877ms
[Nest] 2680  - 01:35:29 06/01/2026     LOG [Audit] [AUDIT] WEBSOCKET_DISCONNECT | WEBSOCKET | Connection closed. Client: MeoPanel_master01. Total active connections: 0 | Success: true +3m
[Nest] 2680  - 01:35:45 06/01/2026     LOG [Audit] [AUDIT] WEBSOCKET_AUTH_SUCCESS | WEBSOCKET | Client authenticated. Client: MeoPanel_master01. Total active connections: 1 | Success: true +16s
[Nest] 2680  - 01:39:24 06/01/2026     LOG [Audit] [AUDIT] WEBSOCKET_DISCONNECT | WEBSOCKET | Connection closed. Client: MeoPanel_master01. Total active connections: 0 | Success: true +4m
[Nest] 2680  - 01:39:25 06/01/2026     LOG [Audit] [AUDIT] WEBSOCKET_AUTH_SUCCESS | WEBSOCKET | Client authenticated. Client: MeoPanel_master01. Total active connections: 1 | Success: true +1s
[Nest] 2680  - 01:42:01 06/01/2026     LOG [Audit] [AUDIT] WEBSOCKET_DISCONNECT | WEBSOCKET | Connection closed. Client: MeoPanel_master01. Total active connections: 0 | Success: true +3m
[Nest] 2680  - 01:42:02 06/01/2026     LOG [Audit] [AUDIT] WEBSOCKET_AUTH_SUCCESS | WEBSOCKET | Client authenticated. Client: MeoPanel_master01. Total active connections: 1 | Success: true +1s
[Nest] 2680  - 01:42:45 06/01/2026     LOG [Audit] [AUDIT] WEBSOCKET_DISCONNECT | WEBSOCKET | Connection closed. Client: MeoPanel_master01. Total active connections: 0 | Success: true +42s
[Nest] 2680  - 01:42:46 06/01/2026     LOG [Audit] [AUDIT] WEBSOCKET_AUTH_SUCCESS | WEBSOCKET | Client authenticated. Client: MeoPanel_master01. Total active connections: 1 | Success: true +1s
[Nest] 2680  - 01:44:53 06/01/2026     LOG [Audit] [AUDIT] WEBSOCKET_DISCONNECT | WEBSOCKET | Connection closed. Client: MeoPanel_master01. Total active connections: 0 | Success: true +2m
[Nest] 2680  - 01:44:54 06/01/2026     LOG [Audit] [AUDIT] WEBSOCKET_AUTH_SUCCESS | WEBSOCKET | Client authenticated. Client: MeoPanel_master01. Total active connections: 1 | Success: true +1s
[Nest] 2680  - 01:46:49 06/01/2026     LOG [Audit] [AUDIT] WEBSOCKET_DISCONNECT | WEBSOCKET | Connection closed. Client: MeoPanel_master01. Total active connections: 0 | Success: true +2m
[Nest] 2680  - 01:46:50 06/01/2026     LOG [Audit] [AUDIT] WEBSOCKET_AUTH_SUCCESS | WEBSOCKET | Client authenticated. Client: MeoPanel_master01. Total active connections: 1 | Success: true +923ms
[Nest] 4048  - 01:53:07 06/01/2026     LOG [Audit] [AUDIT] PM2_CONNECT | PM2 | Connected to PM2 | Success: true +0ms
[Nest] 4048  - 01:53:07 06/01/2026     LOG [Audit] [AUDIT] SERVER_STARTUP | SYSTEM | Server started on port 8000 | Success: true +5ms
[Nest] 4048  - 01:53:11 06/01/2026     LOG [Audit] [AUDIT] WEBSOCKET_AUTH_SUCCESS | WEBSOCKET | Client authenticated. Client: MeoPanel_master01. Total active connections: 1 | Success: true +4s
[Nest] 4048  - 02:04:02 06/01/2026     LOG [Audit] [AUDIT] WEBSOCKET_DISCONNECT | WEBSOCKET | Connection closed. Client: MeoPanel_master01. Total active connections: 0 | Success: true +11m
[Nest] 4048  - 02:04:03 06/01/2026     LOG [Audit] [AUDIT] WEBSOCKET_AUTH_SUCCESS | WEBSOCKET | Client authenticated. Client: MeoPanel_master01. Total active connections: 1 | Success: true +1s
[Nest] 4048  - 02:10:22 06/01/2026     LOG [Audit] [AUDIT] WEBSOCKET_DISCONNECT | WEBSOCKET | Connection closed. Client: MeoPanel_master01. Total active connections: 0 | Success: true +6m
[Nest] 4048  - 02:31:39 06/01/2026     LOG [Audit] [AUDIT] WEBSOCKET_AUTH_SUCCESS | WEBSOCKET | Client authenticated. Client: MeoPanel_master01. Total active connections: 1 | Success: true +21m
[Nest] 4048  - 02:38:26 06/01/2026     LOG [Audit] [AUDIT] WEBSOCKET_DISCONNECT | WEBSOCKET | Connection closed. Client: MeoPanel_master01. Total active connections: 0 | Success: true +7m
[Nest] 4048  - 02:42:02 06/01/2026     LOG [Audit] [AUDIT] WEBSOCKET_AUTH_SUCCESS | WEBSOCKET | Client authenticated. Client: MeoPanel_master01. Total active connections: 1 | Success: true +4m
[Nest] 4048  - 02:42:45 06/01/2026     LOG [Audit] [AUDIT] WEBSOCKET_DISCONNECT | WEBSOCKET | Connection closed. Client: MeoPanel_master01. Total active connections: 0 | Success: true +43s
[Nest] 4048  - 02:42:50 06/01/2026     LOG [Audit] [AUDIT] WEBSOCKET_AUTH_SUCCESS | WEBSOCKET | Client authenticated. Client: MeoPanel_master01. Total active connections: 1 | Success: true +5s
[Nest] 4048  - 02:45:17 06/01/2026     LOG [Audit] [AUDIT] WEBSOCKET_DISCONNECT | WEBSOCKET | Connection closed. Client: MeoPanel_master01. Total active connections: 0 | Success: true +2m
[Nest] 4048  - 02:51:58 06/01/2026     LOG [Audit] [AUDIT] WEBSOCKET_AUTH_SUCCESS | WEBSOCKET | Client authenticated. Client: MeoPanel_master01. Total active connections: 1 | Success: true +7m
[Nest] 4048  - 02:52:01 06/01/2026     LOG [Audit] [AUDIT] WEBSOCKET_DISCONNECT | WEBSOCKET | Connection closed. Client: MeoPanel_master01. Total active connections: 0 | Success: true +3s
[Nest] 28896  - 02:53:35 06/01/2026     LOG [Audit] [AUDIT] PM2_CONNECT | PM2 | Connected to PM2 | Success: true +0ms
[Nest] 28896  - 02:53:35 06/01/2026     LOG [Audit] [AUDIT] SERVER_STARTUP | SYSTEM | Server started on port 8000 | Success: true +6ms
[Nest] 20508  - 02:53:37 06/01/2026     LOG [Audit] [AUDIT] PM2_CONNECT | PM2 | Connected to PM2 | Success: true +0ms
[Nest] 20508  - 02:53:37 06/01/2026     LOG [Audit] [AUDIT] SERVER_STARTUP | SYSTEM | Server started on port 8000 | Success: true +6ms
[Nest] 20508  - 03:23:23 06/01/2026     LOG [Audit] [AUDIT] WEBSOCKET_AUTH_SUCCESS | WEBSOCKET | Client authenticated. Client: MeoPanel_master01. Total active connections: 1 | Success: true +30m
[Nest] 20508  - 03:24:55 06/01/2026     LOG [Audit] [AUDIT] WEBSOCKET_DISCONNECT | WEBSOCKET | Connection closed. Client: MeoPanel_master01. Total active connections: 0 | Success: true +2m
[Nest] 20508  - 03:27:48 06/01/2026     LOG [Audit] [AUDIT] WEBSOCKET_AUTH_SUCCESS | WEBSOCKET | Client authenticated. Client: MeoPanel_master01. Total active connections: 1 | Success: true +3m
[Nest] 20508  - 03:27:58 06/01/2026     LOG [Audit] [AUDIT] WEBSOCKET_DISCONNECT | WEBSOCKET | Connection closed. Client: MeoPanel_master01. Total active connections: 0 | Success: true +9s
[Nest] 20508  - 03:28:01 06/01/2026     LOG [Audit] [AUDIT] WEBSOCKET_AUTH_SUCCESS | WEBSOCKET | Client authenticated. Client: MeoPanel_master01. Total active connections: 1 | Success: true +3s
[Nest] 20508  - 03:30:09 06/01/2026     LOG [Audit] [AUDIT] WEBSOCKET_DISCONNECT | WEBSOCKET | Connection closed. Client: MeoPanel_master01. Total active connections: 0 | Success: true +2m
[Nest] 20508  - 03:30:16 06/01/2026     LOG [Audit] [AUDIT] WEBSOCKET_AUTH_SUCCESS | WEBSOCKET | Client authenticated. Client: MeoPanel_master01. Total active connections: 1 | Success: true +8s
[Nest] 20508  - 03:30:54 06/01/2026     LOG [Audit] [AUDIT] WEBSOCKET_DISCONNECT | WEBSOCKET | Connection closed. Client: MeoPanel_master01. Total active connections: 0 | Success: true +37s
[Nest] 20508  - 03:30:56 06/01/2026     LOG [Audit] [AUDIT] WEBSOCKET_AUTH_SUCCESS | WEBSOCKET | Client authenticated. Client: MeoPanel_master01. Total active connections: 1 | Success: true +2s
[Nest] 20508  - 03:31:28 06/01/2026     LOG [Audit] [AUDIT] WEBSOCKET_DISCONNECT | WEBSOCKET | Connection closed. Client: MeoPanel_master01. Total active connections: 0 | Success: true +32s
[Nest] 20508  - 03:31:31 06/01/2026     LOG [Audit] [AUDIT] WEBSOCKET_AUTH_SUCCESS | WEBSOCKET | Client authenticated. Client: MeoPanel_master01. Total active connections: 1 | Success: true +3s
[Nest] 20508  - 03:32:57 06/01/2026     LOG [Audit] [AUDIT] WEBSOCKET_DISCONNECT | WEBSOCKET | Connection closed. Client: MeoPanel_master01. Total active connections: 0 | Success: true +1m
[Nest] 20508  - 03:33:00 06/01/2026     LOG [Audit] [AUDIT] WEBSOCKET_AUTH_SUCCESS | WEBSOCKET | Client authenticated. Client: MeoPanel_master01. Total active connections: 1 | Success: true +3s
[Nest] 20508  - 03:33:18 06/01/2026     LOG [Audit] [AUDIT] WEBSOCKET_DISCONNECT | WEBSOCKET | Connection closed. Client: MeoPanel_master01. Total active connections: 0 | Success: true +18s
[Nest] 20508  - 03:33:20 06/01/2026     LOG [Audit] [AUDIT] WEBSOCKET_AUTH_SUCCESS | WEBSOCKET | Client authenticated. Client: MeoPanel_master01. Total active connections: 1 | Success: true +3s
[Nest] 20508  - 03:33:23 06/01/2026     LOG [Audit] [AUDIT] WEBSOCKET_DISCONNECT | WEBSOCKET | Connection closed. Client: MeoPanel_master01. Total active connections: 0 | Success: true +3s
[Nest] 20508  - 03:34:26 06/01/2026     LOG [Audit] [AUDIT] WEBSOCKET_AUTH_SUCCESS | WEBSOCKET | Client authenticated. Client: MeoPanel_master01. Total active connections: 1 | Success: true +1m
[Nest] 20508  - 03:34:36 06/01/2026     LOG [Audit] [AUDIT] WEBSOCKET_DISCONNECT | WEBSOCKET | Connection closed. Client: MeoPanel_master01. Total active connections: 0 | Success: true +10s
[Nest] 20508  - 03:34:38 06/01/2026     LOG [Audit] [AUDIT] WEBSOCKET_AUTH_SUCCESS | WEBSOCKET | Client authenticated. Client: MeoPanel_master01. Total active connections: 1 | Success: true +2s
[Nest] 20508  - 03:36:04 06/01/2026     LOG [Audit] [AUDIT] WEBSOCKET_DISCONNECT | WEBSOCKET | Connection closed. Client: MeoPanel_master01. Total active connections: 0 | Success: true +1m
[Nest] 20508  - 03:36:07 06/01/2026     LOG [Audit] [AUDIT] WEBSOCKET_AUTH_SUCCESS | WEBSOCKET | Client authenticated. Client: MeoPanel_master01. Total active connections: 1 | Success: true +3s
[Nest] 20508  - 03:36:29 06/01/2026     LOG [Audit] [AUDIT] WEBSOCKET_DISCONNECT | WEBSOCKET | Connection closed. Client: MeoPanel_master01. Total active connections: 0 | Success: true +22s
[Nest] 20508  - 03:36:33 06/01/2026     LOG [Audit] [AUDIT] WEBSOCKET_AUTH_SUCCESS | WEBSOCKET | Client authenticated. Client: MeoPanel_master01. Total active connections: 1 | Success: true +4s
[Nest] 20508  - 03:38:19 06/01/2026     LOG [Audit] [AUDIT] WEBSOCKET_DISCONNECT | WEBSOCKET | Connection closed. Client: MeoPanel_master01. Total active connections: 0 | Success: true +2m
[Nest] 20508  - 03:38:22 06/01/2026     LOG [Audit] [AUDIT] WEBSOCKET_AUTH_SUCCESS | WEBSOCKET | Client authenticated. Client: MeoPanel_master01. Total active connections: 1 | Success: true +2s
[Nest] 20508  - 03:38:22 06/01/2026     LOG [Audit] [AUDIT] WEBSOCKET_AUTH_SUCCESS | WEBSOCKET | Client authenticated. Client: MeoPanel_master01. Total active connections: 1 | Success: true +1ms
[Nest] 20508  - 03:38:30 06/01/2026     LOG [Audit] [AUDIT] WEBSOCKET_DISCONNECT | WEBSOCKET | Connection closed. Client: MeoPanel_master01. Total active connections: 0 | Success: true +8s
[Nest] 20508  - 03:38:34 06/01/2026     LOG [Audit] [AUDIT] WEBSOCKET_AUTH_SUCCESS | WEBSOCKET | Client authenticated. Client: MeoPanel_master01. Total active connections: 1 | Success: true +5s
[Nest] 20508  - 03:38:34 06/01/2026     LOG [Audit] [AUDIT] WEBSOCKET_AUTH_SUCCESS | WEBSOCKET | Client authenticated. Client: MeoPanel_master01. Total active connections: 1 | Success: true +1ms
[Nest] 22952  - 03:39:58 06/01/2026     LOG [Audit] [AUDIT] PM2_CONNECT | PM2 | Connected to PM2 | Success: true +0ms
[Nest] 22952  - 03:39:58 06/01/2026     LOG [Audit] [AUDIT] SERVER_STARTUP | SYSTEM | Server started on port 8000 | Success: true +8ms
[Nest] 22952  - 03:40:02 06/01/2026     LOG [Audit] [AUDIT] WEBSOCKET_AUTH_SUCCESS | WEBSOCKET | Client authenticated. Client: MeoPanel_master01. Total active connections: 1 | Success: true +5s
[Nest] 22952  - 03:40:25 06/01/2026     LOG [Audit] [AUDIT] WEBSOCKET_DISCONNECT | WEBSOCKET | Connection closed. Client: MeoPanel_master01. Total active connections: 0 | Success: true +23s
[Nest] 22952  - 03:40:28 06/01/2026     LOG [Audit] [AUDIT] WEBSOCKET_AUTH_SUCCESS | WEBSOCKET | Client authenticated. Client: MeoPanel_master01. Total active connections: 1 | Success: true +3s
[Nest] 22952  - 03:42:12 06/01/2026     LOG [Audit] [AUDIT] WEBSOCKET_DISCONNECT | WEBSOCKET | Connection closed. Client: MeoPanel_master01. Total active connections: 0 | Success: true +2m
[Nest] 22952  - 03:45:32 06/01/2026     LOG [Audit] [AUDIT] WEBSOCKET_AUTH_SUCCESS | WEBSOCKET | Client authenticated. Client: MeoPanel_master01. Total active connections: 1 | Success: true +3m
