[Nest] 14064  - 07:40:18 29/12/2025     LOG [PM2] Connected to PM2 +0ms
[Nest] 14064  - 07:40:18 29/12/2025     LOG [Startup] Application is running on: http://localhost:8000 +6ms
[Nest] 14064  - 07:40:45 29/12/2025     LOG [PM2] Resurrected processes +27s
[Nest] 14064  - 07:40:52 29/12/2025     LOG [PM2] Sent data to process: 10 +8s
[Nest] 14064  - 07:41:27 29/12/2025     LOG [PM2] Sent data to process: 10 +35s
[Nest] 14064  - 07:41:29 29/12/2025     LOG [PM2] Sent data to process: 10 +2s
[Nest] 1788  - 08:44:31 29/12/2025     LOG [PM2] Connected to PM2 +0ms
[Nest] 1788  - 08:44:31 29/12/2025     LOG [Startup] Application is running on: http://localhost:8000 +7ms
[Nest] 1788  - 08:45:07 29/12/2025     LOG [PM2] Sent data to process: 10 +36s
[Nest] 4984  - 08:45:12 29/12/2025     LOG [PM2] Connected to PM2 +0ms
[Nest] 4984  - 08:45:12 29/12/2025     LOG [Startup] Application is running on: http://localhost:8000 +7ms
[Nest] 23652  - 08:45:47 29/12/2025     LOG [PM2] Connected to PM2 +0ms
[Nest] 23652  - 08:45:47 29/12/2025     LOG [Startup] Application is running on: http://localhost:8000 +7ms
[Nest] 23652  - 08:45:56 29/12/2025     LOG [PM2] Executed pm2 send command successfully: pm2 send 10 "24+15" +9s
[Nest] 23652  - 08:46:04 29/12/2025     LOG [PM2] Executed pm2 send command successfully: pm2 send 10 "33+1" +8s
[Nest] 23652  - 08:46:07 29/12/2025     LOG [PM2] Executed pm2 send command successfully: pm2 send 10 "35+662" +3s
[Nest] 23652  - 08:46:40 29/12/2025     LOG [PM2] Deleted process: 4 +33s
[Nest] 23652  - 08:46:46 29/12/2025     LOG [PM2] Resurrected processes +6s
[Nest] 23652  - 08:46:52 29/12/2025     LOG [PM2] Deleted process: 5 +5s
[Nest] 23652  - 08:46:55 29/12/2025     LOG [PM2] Deleted process: 11 +3s
[Nest] 23652  - 08:46:57 29/12/2025     LOG [PM2] Saved PM2 processes +2s
[Nest] 23652  - 08:47:01 29/12/2025     LOG [PM2] Deleted process: 1 +5s
[Nest] 23652  - 08:47:01 29/12/2025     LOG [PM2] Deleted process: 6 +50ms
[Nest] 23652  - 08:47:01 29/12/2025     LOG [PM2] Deleted process: 2 +1ms
[Nest] 23652  - 08:47:01 29/12/2025     LOG [PM2] Deleted process: 8 +2ms
[Nest] 23652  - 08:47:01 29/12/2025     LOG [PM2] Deleted process: 7 +23ms
[Nest] 23652  - 08:47:01 29/12/2025     LOG [PM2] Deleted process: 9 +21ms
[Nest] 23652  - 08:47:01 29/12/2025     LOG [PM2] Deleted process: 10 +15ms
[Nest] 23652  - 08:47:01 29/12/2025     LOG [PM2] Deleted process: 3 +77ms
[Nest] 23652  - 08:47:08 29/12/2025     LOG [PM2] Resurrected processes +7s
[Nest] 23652  - 08:52:40 29/12/2025     LOG [PM2] Saved PM2 processes +6m
[Nest] 25116  - 09:09:10 29/12/2025     LOG [PM2] Connected to PM2 +0ms
[Nest] 25116  - 09:09:10 29/12/2025     LOG [Startup] Application is running on: http://localhost:8000 +6ms
[Nest] 26260  - 09:36:36 29/12/2025     LOG [PM2] Connected to PM2 +0ms
[Nest] 26260  - 09:36:36 29/12/2025     LOG [Startup] Application is running on: http://localhost:8000 +6ms
[Nest] 4496  - 09:47:39 29/12/2025     LOG [PM2] Connected to PM2 +0ms
[Nest] 4496  - 09:47:39 29/12/2025     LOG [Startup] Application is running on: http://localhost:8000 +7ms
[Nest] 26232  - 10:36:42 29/12/2025     LOG [PM2] Connected to PM2 +0ms
[Nest] 26232  - 10:36:42 29/12/2025     LOG [Startup] Application is running on: http://localhost:8000 +8ms
[Nest] 22744  - 11:36:43 29/12/2025     LOG [PM2] Connected to PM2 +0ms
[Nest] 22744  - 11:36:43 29/12/2025     LOG [Startup] Application is running on: http://localhost:8000 +10ms
[Nest] 9016  - 11:36:47 29/12/2025     LOG [PM2] Connected to PM2 +0ms
[Nest] 9016  - 11:36:47 29/12/2025     LOG [Startup] Application is running on: http://localhost:8000 +7ms
[Nest] 9636  - 12:37:30 29/12/2025     LOG [PM2] Connected to PM2 +0ms
[Nest] 9636  - 12:37:30 29/12/2025     LOG [Startup] Application is running on: http://localhost:8000 +8ms
[Nest] 5024  - 13:37:43 29/12/2025     LOG [PM2] Connected to PM2 +0ms
[Nest] 5024  - 13:37:43 29/12/2025     LOG [Startup] Application is running on: http://localhost:8000 +5ms
[Nest] 12312  - 14:37:27 29/12/2025     LOG [PM2] Connected to PM2 +0ms
[Nest] 12312  - 14:37:27 29/12/2025     LOG [Startup] Application is running on: http://localhost:8000 +6ms
[Nest] 17384  - 14:37:28 29/12/2025     LOG [PM2] Connected to PM2 +0ms
[Nest] 17384  - 14:37:28 29/12/2025     LOG [Startup] Application is running on: http://localhost:8000 +5ms
[Nest] 5992  - 14:37:29 29/12/2025     LOG [PM2] Connected to PM2 +0ms
[Nest] 5992  - 14:37:29 29/12/2025     LOG [Startup] Application is running on: http://localhost:8000 +5ms
[Nest] 24260  - 15:38:03 29/12/2025     LOG [PM2] Connected to PM2 +0ms
[Nest] 24260  - 15:38:03 29/12/2025     LOG [Startup] Application is running on: http://localhost:8000 +6ms
[Nest] 20976  - 15:38:05 29/12/2025     LOG [PM2] Connected to PM2 +0ms
[Nest] 20976  - 15:38:05 29/12/2025     LOG [Startup] Application is running on: http://localhost:8000 +5ms
[Nest] 24964  - 16:38:26 29/12/2025     LOG [PM2] Connected to PM2 +0ms
[Nest] 24964  - 16:38:26 29/12/2025     LOG [Startup] Application is running on: http://localhost:8000 +5ms
[Nest] 19216  - 16:38:28 29/12/2025     LOG [PM2] Connected to PM2 +0ms
[Nest] 19216  - 16:38:28 29/12/2025     LOG [Startup] Application is running on: http://localhost:8000 +5ms
[Nest] 7596  - 17:38:33 29/12/2025     LOG [PM2] Connected to PM2 +0ms
[Nest] 7596  - 17:38:34 29/12/2025     LOG [Startup] Application is running on: http://localhost:8000 +7ms
[Nest] 2756  - 17:38:36 29/12/2025     LOG [PM2] Connected to PM2 +0ms
[Nest] 2756  - 17:38:36 29/12/2025     LOG [Startup] Application is running on: http://localhost:8000 +6ms
[Nest] 5992  - 18:38:37 29/12/2025     LOG [PM2] Connected to PM2 +0ms
[Nest] 5992  - 18:38:37 29/12/2025     LOG [Startup] Application is running on: http://localhost:8000 +5ms
[Nest] 9852  - 18:38:39 29/12/2025     LOG [PM2] Connected to PM2 +0ms
[Nest] 9852  - 18:38:39 29/12/2025     LOG [Startup] Application is running on: http://localhost:8000 +5ms
[Nest] 13656  - 19:38:42 29/12/2025     LOG [PM2] Connected to PM2 +0ms
[Nest] 13656  - 19:38:42 29/12/2025     LOG [Startup] Application is running on: http://localhost:8000 +7ms
[Nest] 20340  - 19:38:44 29/12/2025     LOG [PM2] Connected to PM2 +0ms
[Nest] 20340  - 19:38:44 29/12/2025     LOG [Startup] Application is running on: http://localhost:8000 +6ms
[Nest] 25428  - 20:38:45 29/12/2025     LOG [PM2] Connected to PM2 +0ms
[Nest] 25428  - 20:38:45 29/12/2025     LOG [Startup] Application is running on: http://localhost:8000 +6ms
[Nest] 23364  - 20:38:47 29/12/2025     LOG [PM2] Connected to PM2 +0ms
[Nest] 23364  - 20:38:47 29/12/2025     LOG [Startup] Application is running on: http://localhost:8000 +5ms
[Nest] 8684  - 21:39:17 29/12/2025     LOG [PM2] Connected to PM2 +0ms
[Nest] 8684  - 21:39:18 29/12/2025     LOG [Startup] Application is running on: http://localhost:8000 +6ms
[Nest] 20756  - 21:39:20 29/12/2025     LOG [PM2] Connected to PM2 +0ms
[Nest] 20756  - 21:39:20 29/12/2025     LOG [Startup] Application is running on: http://localhost:8000 +5ms
[Nest] 22724  - 22:39:53 29/12/2025     LOG [PM2] Connected to PM2 +0ms
[Nest] 22724  - 22:39:53 29/12/2025     LOG [Startup] Application is running on: http://localhost:8000 +5ms
[Nest] 6636  - 22:39:55 29/12/2025     LOG [PM2] Connected to PM2 +0ms
[Nest] 6636  - 22:39:55 29/12/2025     LOG [Startup] Application is running on: http://localhost:8000 +5ms
[Nest] 14320  - 23:40:24 29/12/2025     LOG [PM2] Connected to PM2 +0ms
[Nest] 14320  - 23:40:24 29/12/2025     LOG [Startup] Application is running on: http://localhost:8000 +6ms
