[Nest] 23096  - 00:40:34 30/12/2025     LOG [PM2] Connected to PM2 +0ms
[Nest] 23096  - 00:40:34 30/12/2025     LOG [Startup] Application is running on: http://localhost:8000 +6ms
[Nest] 25100  - 01:40:09 30/12/2025     LOG [PM2] Connected to PM2 +0ms
[Nest] 25100  - 01:40:09 30/12/2025     LOG [Startup] Application is running on: http://localhost:8000 +6ms
[Nest] 22704  - 01:40:10 30/12/2025     LOG [PM2] Connected to PM2 +0ms
[Nest] 22704  - 01:40:10 30/12/2025     LOG [Startup] Application is running on: http://localhost:8000 +5ms
[Nest] 14624  - 02:40:11 30/12/2025     LOG [PM2] Connected to PM2 +0ms
[Nest] 14624  - 02:40:11 30/12/2025     LOG [Startup] Application is running on: http://localhost:8000 +7ms
[Nest] 3740  - 02:40:12 30/12/2025     LOG [PM2] Connected to PM2 +0ms
[Nest] 5872  - 02:40:13 30/12/2025     LOG [PM2] Connected to PM2 +0ms
[Nest] 5872  - 02:40:13 30/12/2025     LOG [Startup] Application is running on: http://localhost:8000 +5ms
[Nest] 24244  - 03:36:03 30/12/2025     LOG [PM2] Connected to PM2 +0ms
[Nest] 24244  - 03:36:03 30/12/2025     LOG [Startup] Application is running on: http://localhost:8000 +6ms
[Nest] 26872  - 03:36:43 30/12/2025     LOG [PM2] Connected to PM2 +0ms
[Nest] 26872  - 03:36:43 30/12/2025     LOG [Startup] Application is running on: http://localhost:8000 +6ms
[Nest] 25360  - 03:38:01 30/12/2025     LOG [PM2] Connected to PM2 +0ms
[Nest] 25360  - 03:38:01 30/12/2025     LOG [Startup] Application is running on: http://localhost:8000 +6ms
[Nest] 23140  - 03:40:15 30/12/2025     LOG [PM2] Connected to PM2 +0ms
[Nest] 23140  - 03:40:15 30/12/2025     LOG [Startup] Application is running on: http://localhost:8000 +7ms
[Nest] 23240  - 03:40:17 30/12/2025     LOG [PM2] Connected to PM2 +0ms
[Nest] 23240  - 03:40:17 30/12/2025     LOG [Startup] Application is running on: http://localhost:8000 +5ms
[Nest] 26768  - 03:48:10 30/12/2025     LOG [PM2] Connected to PM2 +0ms
[Nest] 26768  - 03:48:10 30/12/2025     LOG [Startup] Application is running on: http://localhost:8000 +6ms
[Nest] 20196  - 03:48:17 30/12/2025     LOG [PM2] Connected to PM2 +0ms
[Nest] 20196  - 03:48:17 30/12/2025     LOG [Startup] Application is running on: http://localhost:8000 +6ms
[Nest] 21628  - 04:07:57 30/12/2025     LOG [PM2] Connected to PM2 +0ms
[Nest] 21628  - 04:07:57 30/12/2025     LOG [Startup] Application is running on: http://localhost:8000 +7ms
[Nest] 6028  - 04:09:30 30/12/2025     LOG [PM2] Connected to PM2 +0ms
[Nest] 6028  - 04:09:30 30/12/2025     LOG [Startup] Application is running on: http://localhost:8000 +5ms
[Nest] 21084  - 04:09:45 30/12/2025     LOG [PM2] Connected to PM2 +0ms
[Nest] 21084  - 04:09:45 30/12/2025     LOG [Startup] Application is running on: http://localhost:8000 +5ms
[Nest] 8720  - 04:09:59 30/12/2025     LOG [PM2] Connected to PM2 +0ms
[Nest] 8720  - 04:09:59 30/12/2025     LOG [Startup] Application is running on: http://localhost:8000 +7ms
[Nest] 8700  - 04:13:13 30/12/2025     LOG [PM2] Connected to PM2 +0ms
[Nest] 8700  - 04:13:13 30/12/2025     LOG [Startup] Application is running on: http://localhost:8000 +5ms
[Nest] 5304  - 04:13:25 30/12/2025     LOG [PM2] Connected to PM2 +0ms
[Nest] 5304  - 04:13:25 30/12/2025     LOG [Startup] Application is running on: http://localhost:8000 +5ms
[Nest] 27444  - 04:15:37 30/12/2025     LOG [PM2] Connected to PM2 +0ms
[Nest] 27444  - 04:15:37 30/12/2025     LOG [Startup] Application is running on: http://localhost:8000 +8ms
[Nest] 22012  - 04:40:15 30/12/2025     LOG [PM2] Connected to PM2 +0ms
[Nest] 22012  - 04:40:15 30/12/2025     LOG [Startup] Application is running on: http://localhost:8000 +6ms
[Nest] 21128  - 04:40:18 30/12/2025     LOG [PM2] Connected to PM2 +0ms
[Nest] 21128  - 04:40:18 30/12/2025     LOG [Startup] Application is running on: http://localhost:8000 +6ms
[Nest] 16452  - 05:14:19 30/12/2025     LOG [PM2] Connected to PM2 +0ms
[Nest] 16452  - 05:14:19 30/12/2025     LOG [Startup] Application is running on: http://localhost:8000 +7ms
[Nest] 8660  - 05:40:19 30/12/2025     LOG [PM2] Connected to PM2 +0ms
[Nest] 8660  - 05:40:19 30/12/2025     LOG [Startup] Application is running on: http://localhost:8000 +7ms
[Nest] 23236  - 05:40:22 30/12/2025     LOG [PM2] Connected to PM2 +0ms
[Nest] 23236  - 05:40:22 30/12/2025     LOG [Startup] Application is running on: http://localhost:8000 +6ms
[Nest] 27592  - 06:05:16 30/12/2025     LOG [PM2] Connected to PM2 +0ms
[Nest] 27592  - 06:05:16 30/12/2025     LOG [Startup] Application is running on: http://localhost:8000 +14ms
[Nest] 13636  - 06:05:33 30/12/2025     LOG [PM2] Connected to PM2 +0ms
[Nest] 13636  - 06:05:33 30/12/2025     LOG [Startup] Application is running on: http://localhost:8000 +5ms
[Nest] 24856  - 06:17:45 30/12/2025     LOG [Audit] [AUDIT] PM2_CONNECT | PM2 | Connected to PM2 | Success: true +0ms
[Nest] 24856  - 06:17:45 30/12/2025     LOG [Audit] [AUDIT] SERVER_STARTUP | SYSTEM | Server started on port 8000 | Success: true +5ms
[Nest] 19252  - 06:21:36 30/12/2025     LOG [Audit] [AUDIT] PM2_CONNECT | PM2 | Connected to PM2 | Success: true +0ms
[Nest] 19252  - 06:21:36 30/12/2025     LOG [Audit] [AUDIT] SERVER_STARTUP | SYSTEM | Server started on port 8000 | Success: true +7ms
[Nest] 18708  - 06:37:27 30/12/2025     LOG [Audit] [AUDIT] PM2_CONNECT | PM2 | Connected to PM2 | Success: true +0ms
[Nest] 18708  - 06:37:27 30/12/2025     LOG [Audit] [AUDIT] SERVER_STARTUP | SYSTEM | Server started on port 8000 | Success: true +8ms
[Nest] 18708  - 06:37:28 30/12/2025     LOG [Audit] [AUDIT] WEBSOCKET_AUTH_SUCCESS | WEBSOCKET | Client authenticated. Client: PCPanel_master01. Total active connections: 1 | Success: true +1s
[Nest] 18708  - 06:37:33 30/12/2025     LOG [Audit] [AUDIT] WEBSOCKET_DISCONNECT | WEBSOCKET | Connection closed. Client: PCPanel_master01. Total active connections: 0 | Success: true +5s
[Nest] 18708  - 06:37:41 30/12/2025     LOG [Audit] [AUDIT] WEBSOCKET_AUTH_SUCCESS | WEBSOCKET | Client authenticated. Client: PCPanel_master01. Total active connections: 1 | Success: true +8s
[Nest] 18708  - 06:37:53 30/12/2025     LOG [Audit] [AUDIT] WEBSOCKET_DISCONNECT | WEBSOCKET | Connection closed. Client: PCPanel_master01. Total active connections: 0 | Success: true +12s
[Nest] 18708  - 06:38:00 30/12/2025     LOG [Audit] [AUDIT] WEBSOCKET_AUTH_SUCCESS | WEBSOCKET | Client authenticated. Client: PCPanel_master01. Total active connections: 1 | Success: true +7s
[Nest] 18708  - 06:40:02 30/12/2025     LOG [Audit] [AUDIT] WEBSOCKET_DISCONNECT | WEBSOCKET | Connection closed. Client: PCPanel_master01. Total active connections: 0 | Success: true +2m
[Nest] 18708  - 06:40:04 30/12/2025     LOG [Audit] [AUDIT] WEBSOCKET_AUTH_SUCCESS | WEBSOCKET | Client authenticated. Client: PCPanel_master01. Total active connections: 1 | Success: true +2s
[Nest] 11056  - 06:40:34 30/12/2025     LOG [Audit] [AUDIT] PM2_CONNECT | PM2 | Connected to PM2 | Success: true +0ms
[Nest] 11056  - 06:40:34 30/12/2025     LOG [Audit] [AUDIT] SERVER_STARTUP | SYSTEM | Server started on port 8000 | Success: true +7ms
[Nest] 14596  - 06:40:36 30/12/2025     LOG [Audit] [AUDIT] PM2_CONNECT | PM2 | Connected to PM2 | Success: true +0ms
[Nest] 14596  - 06:40:36 30/12/2025     LOG [Audit] [AUDIT] SERVER_STARTUP | SYSTEM | Server started on port 8000 | Success: true +6ms
[Nest] 14596  - 06:40:38 30/12/2025     LOG [Audit] [AUDIT] WEBSOCKET_AUTH_SUCCESS | WEBSOCKET | Client authenticated. Client: PCPanel_master01. Total active connections: 1 | Success: true +2s
[Nest] 14476  - 06:45:36 30/12/2025     LOG [Audit] [AUDIT] PM2_CONNECT | PM2 | Connected to PM2 | Success: true +0ms
[Nest] 14476  - 06:45:36 30/12/2025     LOG [Audit] [AUDIT] SERVER_STARTUP | SYSTEM | Server started on port 8000 | Success: true +9ms
[Nest] 14476  - 06:45:40 30/12/2025     LOG [Audit] [AUDIT] WEBSOCKET_AUTH_SUCCESS | WEBSOCKET | Client authenticated. Client: PCPanel_master01. Total active connections: 1 | Success: true +4s
[Nest] 14476  - 06:45:54 30/12/2025     LOG [Audit] [AUDIT] WEBSOCKET_DISCONNECT | WEBSOCKET | Connection closed. Client: PCPanel_master01. Total active connections: 0 | Success: true +13s
[Nest] 14476  - 06:45:59 30/12/2025     LOG [Audit] [AUDIT] WEBSOCKET_AUTH_SUCCESS | WEBSOCKET | Client authenticated. Client: PCPanel_master01. Total active connections: 1 | Success: true +6s
[Nest] 14476  - 06:46:01 30/12/2025     LOG [Audit] [AUDIT] WEBSOCKET_DISCONNECT | WEBSOCKET | Connection closed. Client: PCPanel_master01. Total active connections: 0 | Success: true +2s
[Nest] 14476  - 06:46:02 30/12/2025     LOG [Audit] [AUDIT] WEBSOCKET_AUTH_SUCCESS | WEBSOCKET | Client authenticated. Client: PCPanel_master01. Total active connections: 1 | Success: true +1s
[Nest] 14476  - 06:46:25 30/12/2025     LOG [Audit] [AUDIT] WEBSOCKET_DISCONNECT | WEBSOCKET | Connection closed. Client: PCPanel_master01. Total active connections: 0 | Success: true +23s
[Nest] 14476  - 06:46:26 30/12/2025     LOG [Audit] [AUDIT] WEBSOCKET_AUTH_SUCCESS | WEBSOCKET | Client authenticated. Client: PCPanel_master01. Total active connections: 1 | Success: true +870ms
[Nest] 14476  - 06:49:39 30/12/2025     LOG [Audit] [AUDIT] WEBSOCKET_DISCONNECT | WEBSOCKET | Connection closed. Client: PCPanel_master01. Total active connections: 0 | Success: true +3m
[Nest] 14476  - 06:49:52 30/12/2025     LOG [Audit] [AUDIT] WEBSOCKET_AUTH_SUCCESS | WEBSOCKET | Client authenticated. Client: PCPanel_master01. Total active connections: 1 | Success: true +12s
[Nest] 14476  - 06:50:05 30/12/2025     LOG [Audit] [AUDIT] WEBSOCKET_DISCONNECT | WEBSOCKET | Connection closed. Client: PCPanel_master01. Total active connections: 0 | Success: true +14s
[Nest] 14476  - 06:50:06 30/12/2025     LOG [Audit] [AUDIT] WEBSOCKET_AUTH_SUCCESS | WEBSOCKET | Client authenticated. Client: PCPanel_master01. Total active connections: 1 | Success: true +841ms
[Nest] 14476  - 06:51:25 30/12/2025     LOG [Audit] [AUDIT] WEBSOCKET_DISCONNECT | WEBSOCKET | Connection closed. Client: PCPanel_master01. Total active connections: 0 | Success: true +1m
[Nest] 14476  - 06:51:26 30/12/2025     LOG [Audit] [AUDIT] WEBSOCKET_AUTH_SUCCESS | WEBSOCKET | Client authenticated. Client: PCPanel_master01. Total active connections: 1 | Success: true +842ms
[Nest] 14476  - 06:51:49 30/12/2025     LOG [Audit] [AUDIT] PM2_STOP_PROCESS | PM2 | Stopped process: 16 | Success: true +24s
[Nest] 14476  - 06:51:59 30/12/2025     LOG [Audit] [AUDIT] WEBSOCKET_DISCONNECT | WEBSOCKET | Connection closed. Client: PCPanel_master01. Total active connections: 0 | Success: true +10s
[Nest] 14476  - 06:52:00 30/12/2025     LOG [Audit] [AUDIT] WEBSOCKET_AUTH_SUCCESS | WEBSOCKET | Client authenticated. Client: PCPanel_master01. Total active connections: 1 | Success: true +837ms
[Nest] 27244  - 06:53:38 30/12/2025     LOG [Audit] [AUDIT] PM2_CONNECT | PM2 | Connected to PM2 | Success: true +0ms
[Nest] 27244  - 06:53:38 30/12/2025     LOG [Audit] [AUDIT] SERVER_STARTUP | SYSTEM | Server started on port 8000 | Success: true +5ms
[Nest] 27244  - 06:53:42 30/12/2025     LOG [Audit] [AUDIT] WEBSOCKET_AUTH_SUCCESS | WEBSOCKET | Client authenticated. Client: PCPanel_master01. Total active connections: 1 | Success: true +5s
[Nest] 25880  - 06:58:27 30/12/2025     LOG [Audit] [AUDIT] PM2_CONNECT | PM2 | Connected to PM2 | Success: true +0ms
[Nest] 25880  - 06:58:27 30/12/2025     LOG [Audit] [AUDIT] SERVER_STARTUP | SYSTEM | Server started on port 8000 | Success: true +5ms
[Nest] 25880  - 06:58:31 30/12/2025     LOG [Audit] [AUDIT] WEBSOCKET_AUTH_SUCCESS | WEBSOCKET | Client authenticated. Client: PCPanel_master01. Total active connections: 1 | Success: true +4s
[Nest] 25880  - 06:59:16 30/12/2025     LOG [Audit] [AUDIT] WEBSOCKET_DISCONNECT | WEBSOCKET | Connection closed. Client: PCPanel_master01. Total active connections: 0 | Success: true +45s
[Nest] 25880  - 06:59:17 30/12/2025     LOG [Audit] [AUDIT] WEBSOCKET_AUTH_SUCCESS | WEBSOCKET | Client authenticated. Client: PCPanel_master01. Total active connections: 1 | Success: true +914ms
[Nest] 26912  - 07:03:36 30/12/2025     LOG [Audit] [AUDIT] PM2_CONNECT | PM2 | Connected to PM2 | Success: true +0ms
[Nest] 26912  - 07:03:36 30/12/2025     LOG [Audit] [AUDIT] SERVER_STARTUP | SYSTEM | Server started on port 8000 | Success: true +9ms
[Nest] 26912  - 07:03:40 30/12/2025     LOG [Audit] [AUDIT] WEBSOCKET_AUTH_SUCCESS | WEBSOCKET | Client authenticated. Client: PCPanel_master01. Total active connections: 1 | Success: true +4s
[Nest] 28332  - 09:59:19 30/12/2025     LOG [Audit] [AUDIT] PM2_CONNECT | PM2 | Connected to PM2 | Success: true +0ms
[Nest] 28332  - 09:59:19 30/12/2025     LOG [Audit] [AUDIT] SERVER_STARTUP | SYSTEM | Server started on port 8000 | Success: true +7ms
[Nest] 28332  - 09:59:19 30/12/2025     LOG [Audit] [AUDIT] WEBSOCKET_AUTH_SUCCESS | WEBSOCKET | Client authenticated. Client: PCPanel_master01. Total active connections: 1 | Success: true +250ms
[Nest] 28332  - 09:59:21 30/12/2025     LOG [Audit] [AUDIT] WEBSOCKET_DISCONNECT | WEBSOCKET | Connection closed. Client: PCPanel_master01. Total active connections: 0 | Success: true +2s
[Nest] 28332  - 09:59:23 30/12/2025     LOG [Audit] [AUDIT] WEBSOCKET_AUTH_SUCCESS | WEBSOCKET | Client authenticated. Client: PCPanel_master01. Total active connections: 1 | Success: true +3s
[Nest] 28332  - 09:59:28 30/12/2025     LOG [Audit] [AUDIT] WEBSOCKET_DISCONNECT | WEBSOCKET | Connection closed. Client: PCPanel_master01. Total active connections: 0 | Success: true +5s
[Nest] 28332  - 09:59:31 30/12/2025     LOG [Audit] [AUDIT] WEBSOCKET_AUTH_SUCCESS | WEBSOCKET | Client authenticated. Client: PCPanel_master01. Total active connections: 1 | Success: true +3s
[Nest] 28332  - 09:59:39 30/12/2025     LOG [Audit] [AUDIT] WEBSOCKET_DISCONNECT | WEBSOCKET | Connection closed. Client: PCPanel_master01. Total active connections: 0 | Success: true +8s
[Nest] 28332  - 09:59:40 30/12/2025     LOG [Audit] [AUDIT] WEBSOCKET_AUTH_SUCCESS | WEBSOCKET | Client authenticated. Client: PCPanel_master01. Total active connections: 1 | Success: true +1s
[Nest] 28332  - 09:59:43 30/12/2025     LOG [Audit] [AUDIT] WEBSOCKET_DISCONNECT | WEBSOCKET | Connection closed. Client: PCPanel_master01. Total active connections: 0 | Success: true +2s
[Nest] 28332  - 09:59:44 30/12/2025     LOG [Audit] [AUDIT] WEBSOCKET_AUTH_SUCCESS | WEBSOCKET | Client authenticated. Client: PCPanel_master01. Total active connections: 1 | Success: true +842ms
[Nest] 20200  - 10:07:36 30/12/2025     LOG [Audit] [AUDIT] PM2_CONNECT | PM2 | Connected to PM2 | Success: true +0ms
[Nest] 20200  - 10:07:36 30/12/2025     LOG [Audit] [AUDIT] SERVER_STARTUP | SYSTEM | Server started on port 8000 | Success: true +16ms
[Nest] 20200  - 10:07:37 30/12/2025     LOG [Audit] [AUDIT] WEBSOCKET_AUTH_SUCCESS | WEBSOCKET | Client authenticated. Client: PCPanel_master01. Total active connections: 1 | Success: true +1s
[Nest] 20200  - 10:07:48 30/12/2025     LOG [Audit] [AUDIT] WEBSOCKET_DISCONNECT | WEBSOCKET | Connection closed. Client: PCPanel_master01. Total active connections: 0 | Success: true +10s
[Nest] 20200  - 10:08:12 30/12/2025     LOG [Audit] [AUDIT] WEBSOCKET_DISCONNECT | WEBSOCKET | Connection closed. Client: ws_2. Total active connections: 1 | Success: true +24s
[Nest] 20200  - 10:08:12 30/12/2025     LOG [Audit] [AUDIT] WEBSOCKET_AUTH_SUCCESS | WEBSOCKET | Client authenticated. Client: PCPanel_master01. Total active connections: 1 | Success: true +2ms
[Nest] 20200  - 10:08:28 30/12/2025     LOG [Audit] [AUDIT] WEBSOCKET_DISCONNECT | WEBSOCKET | Connection closed. Client: PCPanel_master01. Total active connections: 0 | Success: true +16s
[Nest] 20200  - 10:08:29 30/12/2025     LOG [Audit] [AUDIT] WEBSOCKET_AUTH_SUCCESS | WEBSOCKET | Client authenticated. Client: PCPanel_master01. Total active connections: 1 | Success: true +822ms
[Nest] 20200  - 10:09:00 30/12/2025     LOG [Audit] [AUDIT] WEBSOCKET_DISCONNECT | WEBSOCKET | Connection closed. Client: PCPanel_master01. Total active connections: 0 | Success: true +31s
[Nest] 20200  - 10:09:01 30/12/2025     LOG [Audit] [AUDIT] WEBSOCKET_AUTH_SUCCESS | WEBSOCKET | Client authenticated. Client: PCPanel_master01. Total active connections: 1 | Success: true +836ms
[Nest] 20200  - 10:10:14 30/12/2025     LOG [Audit] [AUDIT] WEBSOCKET_DISCONNECT | WEBSOCKET | Connection closed. Client: PCPanel_master01. Total active connections: 0 | Success: true +1m
[Nest] 20200  - 10:10:15 30/12/2025     LOG [Audit] [AUDIT] WEBSOCKET_AUTH_SUCCESS | WEBSOCKET | Client authenticated. Client: PCPanel_master01. Total active connections: 1 | Success: true +873ms
[Nest] 20200  - 10:10:19 30/12/2025     LOG [Audit] [AUDIT] WEBSOCKET_DISCONNECT | WEBSOCKET | Connection closed. Client: PCPanel_master01. Total active connections: 0 | Success: true +4s
[Nest] 20200  - 10:10:21 30/12/2025     LOG [Audit] [AUDIT] WEBSOCKET_AUTH_SUCCESS | WEBSOCKET | Client authenticated. Client: PCPanel_master01. Total active connections: 1 | Success: true +2s
[Nest] 20200  - 10:10:29 30/12/2025     LOG [Audit] [AUDIT] WEBSOCKET_DISCONNECT | WEBSOCKET | Connection closed. Client: PCPanel_master01. Total active connections: 0 | Success: true +8s
[Nest] 20200  - 10:10:30 30/12/2025     LOG [Audit] [AUDIT] WEBSOCKET_AUTH_SUCCESS | WEBSOCKET | Client authenticated. Client: PCPanel_master01. Total active connections: 1 | Success: true +2s
[Nest] 20200  - 10:11:39 30/12/2025     LOG [Audit] [AUDIT] WEBSOCKET_DISCONNECT | WEBSOCKET | Connection closed. Client: PCPanel_master01. Total active connections: 0 | Success: true +1m
[Nest] 20200  - 10:11:41 30/12/2025     LOG [Audit] [AUDIT] WEBSOCKET_AUTH_SUCCESS | WEBSOCKET | Client authenticated. Client: PCPanel_master01. Total active connections: 1 | Success: true +2s
[Nest] 20200  - 10:11:44 30/12/2025     LOG [Audit] [AUDIT] WEBSOCKET_DISCONNECT | WEBSOCKET | Connection closed. Client: PCPanel_master01. Total active connections: 0 | Success: true +3s
[Nest] 20200  - 10:11:44 30/12/2025     LOG [Audit] [AUDIT] WEBSOCKET_AUTH_SUCCESS | WEBSOCKET | Client authenticated. Client: PCPanel_master01. Total active connections: 1 | Success: true +791ms
[Nest] 20200  - 10:11:55 30/12/2025     LOG [Audit] [AUDIT] WEBSOCKET_DISCONNECT | WEBSOCKET | Connection closed. Client: PCPanel_master01. Total active connections: 0 | Success: true +10s
[Nest] 20200  - 10:12:20 30/12/2025     LOG [Audit] [AUDIT] WEBSOCKET_AUTH_SUCCESS | WEBSOCKET | Client authenticated. Client: PCPanel_master01. Total active connections: 1 | Success: true +25s
[Nest] 20200  - 10:13:47 30/12/2025     LOG [Audit] [AUDIT] WEBSOCKET_DISCONNECT | WEBSOCKET | Connection closed. Client: PCPanel_master01. Total active connections: 0 | Success: true +1m
[Nest] 20200  - 10:13:49 30/12/2025     LOG [Audit] [AUDIT] WEBSOCKET_AUTH_SUCCESS | WEBSOCKET | Client authenticated. Client: PCPanel_master01. Total active connections: 1 | Success: true +2s
[Nest] 20200  - 10:14:01 30/12/2025     LOG [Audit] [AUDIT] WEBSOCKET_DISCONNECT | WEBSOCKET | Connection closed. Client: PCPanel_master01. Total active connections: 0 | Success: true +13s
[Nest] 20200  - 10:14:03 30/12/2025     LOG [Audit] [AUDIT] WEBSOCKET_AUTH_SUCCESS | WEBSOCKET | Client authenticated. Client: PCPanel_master01. Total active connections: 1 | Success: true +2s
