[Nest] 27056  - 00:08:42 28/12/2025     LOG [Startup] Application is running on: http://localhost:8000 +0ms
[Nest] 15736  - 00:11:45 28/12/2025     LOG [PM2] Connected to PM2 +0ms
[Nest] 15736  - 00:11:45 28/12/2025     LOG [Startup] Application is running on: http://localhost:8000 +22ms
[Nest] 30484  - 00:11:54 28/12/2025     LOG [PM2] Connected to PM2 +0ms
[Nest] 30484  - 00:11:54 28/12/2025     LOG [Startup] Application is running on: http://localhost:8000 +6ms
[Nest] 30484  - 00:12:06 28/12/2025     LOG [PM2] Retrieved 12 processes +12s
[Nest] 25912  - 00:17:05 28/12/2025     LOG [PM2] Connected to PM2 +0ms
[Nest] 25912  - 00:17:05 28/12/2025     LOG [Startup] Application is running on: http://localhost:8000 +11ms
[Nest] 25912  - 00:18:02 28/12/2025     LOG [PM2] Retrieved 12 processes +57s
[Nest] 20776  - 00:40:02 28/12/2025     LOG [PM2] Connected to PM2 +0ms
[Nest] 20776  - 00:40:02 28/12/2025     LOG [Startup] Application is running on: http://localhost:8000 +8ms
[Nest] 7128  - 01:50:00 28/12/2025     LOG [PM2] Connected to PM2 +0ms
[Nest] 7128  - 01:50:00 28/12/2025     LOG [Startup] Application is running on: http://localhost:8000 +6ms
[Nest] 32736  - 02:05:26 28/12/2025     LOG [PM2] Connected to PM2 +0ms
[Nest] 32736  - 02:05:26 28/12/2025     LOG [Startup] Application is running on: http://localhost:8000 +5ms
[Nest] 30696  - 02:10:30 28/12/2025     LOG [PM2] Connected to PM2 +0ms
[Nest] 30696  - 02:10:30 28/12/2025     LOG [Startup] Application is running on: http://localhost:8000 +5ms
[Nest] 27508  - 02:18:36 28/12/2025     LOG [PM2] Connected to PM2 +0ms
[Nest] 27508  - 02:18:36 28/12/2025     LOG [Startup] Application is running on: http://localhost:8000 +5ms
[Nest] 4484  - 02:22:15 28/12/2025     LOG [PM2] Connected to PM2 +0ms
[Nest] 4484  - 02:22:15 28/12/2025     LOG [Startup] Application is running on: http://localhost:8000 +5ms
[Nest] 4484  - 02:22:16 28/12/2025     LOG [PM2] Retrieved 0 processes +419ms
[Nest] 4484  - 02:22:22 28/12/2025     LOG [PM2] Retrieved 0 processes +6s
[Nest] 4484  - 02:22:24 28/12/2025     LOG [PM2] Retrieved 0 processes +3s
[Nest] 4484  - 02:22:26 28/12/2025     LOG [PM2] Retrieved 0 processes +2s
[Nest] 4484  - 02:22:30 28/12/2025     LOG [PM2] Retrieved 0 processes +4s
[Nest] 4484  - 02:22:31 28/12/2025     LOG [PM2] Retrieved 0 processes +1s
[Nest] 4484  - 02:22:33 28/12/2025     LOG [PM2] Retrieved 0 processes +2s
[Nest] 4484  - 02:22:37 28/12/2025     LOG [PM2] Retrieved 0 processes +4s
[Nest] 4484  - 02:22:39 28/12/2025     LOG [PM2] Retrieved 0 processes +2s
[Nest] 4484  - 02:22:43 28/12/2025     LOG [PM2] Retrieved 0 processes +4s
[Nest] 4484  - 02:22:45 28/12/2025     LOG [PM2] Retrieved 0 processes +2s
[Nest] 4484  - 02:22:49 28/12/2025     LOG [PM2] Retrieved 0 processes +4s
[Nest] 4484  - 02:22:51 28/12/2025     LOG [PM2] Retrieved 0 processes +2s
[Nest] 4484  - 02:22:55 28/12/2025     LOG [PM2] Retrieved 0 processes +4s
[Nest] 4484  - 02:22:57 28/12/2025     LOG [PM2] Retrieved 0 processes +2s
[Nest] 4484  - 02:23:01 28/12/2025     LOG [PM2] Retrieved 0 processes +4s
[Nest] 4484  - 02:23:03 28/12/2025     LOG [PM2] Retrieved 0 processes +2s
[Nest] 4484  - 02:23:07 28/12/2025     LOG [PM2] Retrieved 0 processes +4s
[Nest] 4484  - 02:23:09 28/12/2025     LOG [PM2] Retrieved 0 processes +2s
[Nest] 15672  - 02:23:17 28/12/2025     LOG [PM2] Connected to PM2 +0ms
[Nest] 15672  - 02:23:17 28/12/2025     LOG [Startup] Application is running on: http://localhost:8000 +5ms
[Nest] 15672  - 02:23:17 28/12/2025     LOG [PM2] Retrieved 0 processes +229ms
[Nest] 15672  - 02:23:17 28/12/2025     LOG [PM2] Retrieved 0 processes +1ms
[Nest] 15672  - 02:23:21 28/12/2025     LOG [PM2] Retrieved 0 processes +4s
[Nest] 15672  - 02:23:21 28/12/2025     LOG [PM2] Retrieved 0 processes +31ms
[Nest] 15672  - 02:23:27 28/12/2025     LOG [PM2] Retrieved 0 processes +6s
[Nest] 15672  - 02:23:27 28/12/2025     LOG [PM2] Retrieved 0 processes +14ms
[Nest] 15672  - 02:23:33 28/12/2025     LOG [PM2] Retrieved 0 processes +6s
[Nest] 15672  - 02:23:33 28/12/2025     LOG [PM2] Retrieved 0 processes +15ms
[Nest] 15672  - 02:23:39 28/12/2025     LOG [PM2] Retrieved 0 processes +6s
[Nest] 15672  - 02:23:39 28/12/2025     LOG [PM2] Retrieved 0 processes +16ms
[Nest] 15672  - 02:23:45 28/12/2025     LOG [PM2] Retrieved 0 processes +6s
[Nest] 15672  - 02:23:45 28/12/2025     LOG [PM2] Retrieved 0 processes +16ms
[Nest] 5284  - 02:23:53 28/12/2025     LOG [PM2] Connected to PM2 +0ms
[Nest] 5284  - 02:23:53 28/12/2025     LOG [Startup] Application is running on: http://localhost:8000 +5ms
[Nest] 5284  - 02:23:54 28/12/2025     LOG [PM2] Retrieved 0 processes +259ms
[Nest] 5284  - 02:23:54 28/12/2025     LOG [PM2] Retrieved 0 processes +1ms
[Nest] 5284  - 02:23:59 28/12/2025     LOG [PM2] Retrieved 0 processes +5s
[Nest] 5284  - 02:23:59 28/12/2025     LOG [PM2] Retrieved 0 processes +15ms
[Nest] 29908  - 02:25:21 28/12/2025     LOG [PM2] Connected to PM2 +0ms
[Nest] 29908  - 02:25:21 28/12/2025     LOG [Startup] Application is running on: http://localhost:8000 +7ms
[Nest] 20708  - 02:26:07 28/12/2025     LOG [PM2] Connected to PM2 +0ms
[Nest] 20708  - 02:26:07 28/12/2025     LOG [Startup] Application is running on: http://localhost:8000 +6ms
[Nest] 12892  - 02:44:26 28/12/2025     LOG [PM2] Connected to PM2 +0ms
[Nest] 12892  - 02:44:26 28/12/2025     LOG [Startup] Application is running on: http://localhost:8000 +6ms
[Nest] 23252  - 02:45:39 28/12/2025     LOG [PM2] Connected to PM2 +0ms
[Nest] 23252  - 02:45:39 28/12/2025     LOG [Startup] Application is running on: http://localhost:8000 +9ms
[Nest] 25516  - 02:46:24 28/12/2025     LOG [PM2] Connected to PM2 +0ms
[Nest] 25516  - 02:46:24 28/12/2025     LOG [Startup] Application is running on: http://localhost:8000 +7ms
[Nest] 31660  - 02:48:40 28/12/2025     LOG [PM2] Connected to PM2 +0ms
[Nest] 31660  - 02:48:40 28/12/2025     LOG [Startup] Application is running on: http://localhost:8000 +8ms
[Nest] 21720  - 02:50:23 28/12/2025     LOG [PM2] Connected to PM2 +0ms
[Nest] 21720  - 02:50:23 28/12/2025     LOG [Startup] Application is running on: http://localhost:8000 +8ms
[Nest] 23876  - 03:29:28 28/12/2025     LOG [PM2] Connected to PM2 +0ms
[Nest] 23876  - 03:29:28 28/12/2025     LOG [Startup] Application is running on: http://localhost:8000 +5ms
[Nest] 21720  - 03:40:21 28/12/2025     LOG [PM2] Connected to PM2 +0ms
[Nest] 21720  - 03:40:21 28/12/2025     LOG [Startup] Application is running on: http://localhost:8000 +7ms
[Nest] 17232  - 03:43:31 28/12/2025     LOG [PM2] Connected to PM2 +0ms
[Nest] 17232  - 03:43:31 28/12/2025     LOG [Startup] Application is running on: http://localhost:8000 +6ms
[Nest] 31952  - 03:48:43 28/12/2025     LOG [PM2] Connected to PM2 +0ms
[Nest] 31952  - 03:48:43 28/12/2025     LOG [Startup] Application is running on: http://localhost:8000 +7ms
[Nest] 25208  - 03:51:15 28/12/2025     LOG [PM2] Connected to PM2 +0ms
[Nest] 25208  - 03:51:15 28/12/2025     LOG [Startup] Application is running on: http://localhost:8000 +7ms
[Nest] 23804  - 03:52:04 28/12/2025     LOG [PM2] Connected to PM2 +0ms
[Nest] 23804  - 03:52:04 28/12/2025     LOG [Startup] Application is running on: http://localhost:8000 +7ms
[Nest] 23804  - 04:02:13 28/12/2025     LOG [PM2] Stopped process: task1_clock +10m
[Nest] 26484  - 05:17:35 28/12/2025     LOG [PM2] Connected to PM2 +0ms
[Nest] 26484  - 05:17:35 28/12/2025     LOG [Startup] Application is running on: http://localhost:8000 +5ms
[Nest] 32000  - 05:33:28 28/12/2025     LOG [PM2] Connected to PM2 +0ms
[Nest] 32000  - 05:33:28 28/12/2025     LOG [Startup] Application is running on: http://localhost:8000 +8ms
[Nest] 28508  - 05:36:34 28/12/2025     LOG [PM2] Connected to PM2 +0ms
[Nest] 28508  - 05:36:34 28/12/2025     LOG [Startup] Application is running on: http://localhost:8000 +8ms
[Nest] 9160  - 05:36:59 28/12/2025     LOG [PM2] Connected to PM2 +0ms
[Nest] 9160  - 05:36:59 28/12/2025     LOG [Startup] Application is running on: http://localhost:8000 +7ms
[Nest] 27640  - 06:01:07 28/12/2025     LOG [PM2] Connected to PM2 +0ms
[Nest] 27640  - 06:01:07 28/12/2025     LOG [Startup] Application is running on: http://localhost:8000 +10ms
[Nest] 31128  - 06:11:23 28/12/2025     LOG [PM2] Connected to PM2 +0ms
[Nest] 31128  - 06:11:23 28/12/2025     LOG [Startup] Application is running on: http://localhost:8000 +7ms
[Nest] 31212  - 06:12:12 28/12/2025     LOG [PM2] Connected to PM2 +0ms
[Nest] 31212  - 06:12:12 28/12/2025     LOG [Startup] Application is running on: http://localhost:8000 +20ms
[Nest] 2384  - 06:12:28 28/12/2025     LOG [PM2] Connected to PM2 +0ms
[Nest] 2384  - 06:12:28 28/12/2025     LOG [Startup] Application is running on: http://localhost:8000 +6ms
[Nest] 3916  - 06:12:54 28/12/2025     LOG [PM2] Connected to PM2 +0ms
[Nest] 3916  - 06:12:54 28/12/2025     LOG [Startup] Application is running on: http://localhost:8000 +5ms
[Nest] 33056  - 06:13:18 28/12/2025     LOG [PM2] Connected to PM2 +0ms
[Nest] 33056  - 06:13:18 28/12/2025     LOG [Startup] Application is running on: http://localhost:8000 +7ms
[Nest] 33428  - 06:15:05 28/12/2025     LOG [PM2] Connected to PM2 +0ms
[Nest] 33428  - 06:15:05 28/12/2025     LOG [Startup] Application is running on: http://localhost:8000 +10ms
[Nest] 33428  - 06:19:56 28/12/2025     LOG [PM2] Resurrected processes +5m
[Nest] 4628  - 06:24:23 28/12/2025     LOG [PM2] Connected to PM2 +0ms
[Nest] 4628  - 06:24:23 28/12/2025     LOG [Startup] Application is running on: http://localhost:8000 +6ms
[Nest] 1452  - 06:26:28 28/12/2025     LOG [PM2] Connected to PM2 +0ms
[Nest] 1452  - 06:26:28 28/12/2025     LOG [Startup] Application is running on: http://localhost:8000 +7ms
[Nest] 18344  - 06:32:41 28/12/2025     LOG [PM2] Connected to PM2 +0ms
[Nest] 18344  - 06:32:41 28/12/2025     LOG [Startup] Application is running on: http://localhost:8000 +6ms
[Nest] 18344  - 06:36:44 28/12/2025     LOG [PM2] Started process: task8_randomError +4m
[Nest] 18344  - 06:36:55 28/12/2025     LOG [PM2] Stopped process: task7_uptime +11s
[Nest] 18344  - 06:37:00 28/12/2025     LOG [PM2] Stopped process: task6_echoEnv +5s
[Nest] 18344  - 06:37:02 28/12/2025     LOG [PM2] Stopped process: task5_http +1s
[Nest] 27772  - 06:39:20 28/12/2025     LOG [PM2] Connected to PM2 +0ms
[Nest] 27772  - 06:39:20 28/12/2025     LOG [Startup] Application is running on: http://localhost:8000 +6ms
[Nest] 27772  - 06:43:17 28/12/2025     LOG [PM2] Started process: task5_http +4m
[Nest] 8436  - 06:44:56 28/12/2025     LOG [PM2] Connected to PM2 +0ms
[Nest] 8436  - 06:44:56 28/12/2025     LOG [Startup] Application is running on: http://localhost:8000 +8ms
[Nest] 26524  - 06:49:38 28/12/2025     LOG [PM2] Connected to PM2 +0ms
[Nest] 26524  - 06:49:38 28/12/2025     LOG [Startup] Application is running on: http://localhost:8000 +7ms
[Nest] 26524  - 06:50:54 28/12/2025     LOG [PM2] Started process: task6_echoEnv +1m
[Nest] 23272  - 06:54:21 28/12/2025     LOG [PM2] Connected to PM2 +0ms
[Nest] 23272  - 06:54:21 28/12/2025     LOG [Startup] Application is running on: http://localhost:8000 +8ms
[Nest] 12888  - 06:56:45 28/12/2025     LOG [PM2] Connected to PM2 +0ms
[Nest] 12888  - 06:56:45 28/12/2025     LOG [Startup] Application is running on: http://localhost:8000 +8ms
[Nest] 30388  - 06:56:54 28/12/2025     LOG [PM2] Connected to PM2 +0ms
[Nest] 30388  - 06:56:54 28/12/2025     LOG [Startup] Application is running on: http://localhost:8000 +6ms
[Nest] 7260  - 06:57:07 28/12/2025     LOG [PM2] Connected to PM2 +0ms
[Nest] 7260  - 06:57:07 28/12/2025     LOG [Startup] Application is running on: http://localhost:8000 +11ms
[Nest] 32748  - 06:57:16 28/12/2025     LOG [PM2] Connected to PM2 +0ms
[Nest] 32748  - 06:57:16 28/12/2025     LOG [Startup] Application is running on: http://localhost:8000 +6ms
[Nest] 30844  - 06:57:26 28/12/2025     LOG [PM2] Connected to PM2 +0ms
[Nest] 30844  - 06:57:26 28/12/2025     LOG [Startup] Application is running on: http://localhost:8000 +7ms
[Nest] 33688  - 06:57:36 28/12/2025     LOG [PM2] Connected to PM2 +0ms
[Nest] 33688  - 06:57:36 28/12/2025     LOG [Startup] Application is running on: http://localhost:8000 +8ms
[Nest] 26912  - 06:57:46 28/12/2025     LOG [PM2] Connected to PM2 +0ms
[Nest] 26912  - 06:57:46 28/12/2025     LOG [Startup] Application is running on: http://localhost:8000 +8ms
[Nest] 27356  - 06:57:56 28/12/2025     LOG [PM2] Connected to PM2 +0ms
[Nest] 27356  - 06:57:56 28/12/2025     LOG [Startup] Application is running on: http://localhost:8000 +6ms
[Nest] 31056  - 06:59:28 28/12/2025     LOG [PM2] Connected to PM2 +0ms
[Nest] 31056  - 06:59:28 28/12/2025     LOG [Startup] Application is running on: http://localhost:8000 +8ms
[Nest] 31056  - 07:00:48 28/12/2025     LOG [PM2] Stopped process: 11 +1m
[Nest] 31056  - 07:00:56 28/12/2025     LOG [PM2] Restarted process: 12 +8s
[Nest] 11856  - 07:03:11 28/12/2025     LOG [PM2] Connected to PM2 +0ms
[Nest] 11856  - 07:03:11 28/12/2025     LOG [Startup] Application is running on: http://localhost:8000 +6ms
[Nest] 16900  - 07:14:10 28/12/2025     LOG [PM2] Connected to PM2 +0ms
[Nest] 16900  - 07:14:10 28/12/2025     LOG [Startup] Application is running on: http://localhost:8000 +11ms
[Nest] 16900  - 07:14:20 28/12/2025     LOG [PM2] Stopped process: 13 +10s
[Nest] 16900  - 07:14:20 28/12/2025     LOG [PM2] Stopped process: 14 +1ms
[Nest] 16900  - 07:14:20 28/12/2025     LOG [PM2] Stopped process: 12 +231ms
[Nest] 16900  - 07:14:46 28/12/2025     LOG [PM2] Restarted process: 12 +26s
[Nest] 16900  - 07:14:46 28/12/2025     LOG [PM2] Restarted process: 14 +13ms
[Nest] 16900  - 07:14:46 28/12/2025     LOG [PM2] Restarted process: 11 +10ms
[Nest] 16900  - 07:14:55 28/12/2025     LOG [PM2] Deleted process: 16 +9s
[Nest] 16900  - 07:15:01 28/12/2025     LOG [PM2] Resurrected processes +6s
[Nest] 16900  - 07:15:18 28/12/2025     LOG [PM2] Restarted process: 1 +17s
[Nest] 16900  - 07:18:17 28/12/2025     LOG [PM2] Stopped process: 11 +3m
[Nest] 16900  - 07:18:17 28/12/2025     LOG [PM2] Stopped process: 17 +29ms
[Nest] 16900  - 07:18:17 28/12/2025     LOG [PM2] Stopped process: 1 +1ms
[Nest] 16900  - 07:18:17 28/12/2025     LOG [PM2] Stopped process: 14 +1ms
[Nest] 16900  - 07:18:17 28/12/2025     LOG [PM2] Stopped process: 12 +181ms
[Nest] 16900  - 07:18:21 28/12/2025     LOG [PM2] Started process: task4_memoryGrow +3s
[Nest] 16900  - 07:18:21 28/12/2025     LOG [PM2] Started process: task3_randomCpu +10ms
[Nest] 16900  - 07:18:26 28/12/2025     LOG [PM2] Stopped process: 11 +5s
[Nest] 16900  - 07:18:26 28/12/2025     LOG [PM2] Stopped process: 12 +15ms
[Nest] 17524  - 07:20:44 28/12/2025     LOG [PM2] Connected to PM2 +0ms
[Nest] 17524  - 07:20:44 28/12/2025     LOG [Startup] Application is running on: http://localhost:8000 +7ms
[Nest] 33124  - 07:21:04 28/12/2025     LOG [PM2] Connected to PM2 +0ms
[Nest] 33124  - 07:21:04 28/12/2025     LOG [Startup] Application is running on: http://localhost:8000 +7ms
[Nest] 648  - 07:30:48 28/12/2025     LOG [PM2] Connected to PM2 +0ms
[Nest] 648  - 07:30:49 28/12/2025     LOG [Startup] Application is running on: http://localhost:8000 +5ms
[Nest] 31728  - 07:30:51 28/12/2025     LOG [PM2] Connected to PM2 +0ms
[Nest] 31728  - 07:30:51 28/12/2025     LOG [Startup] Application is running on: http://localhost:8000 +6ms
[Nest] 26448  - 07:31:38 28/12/2025     LOG [PM2] Connected to PM2 +0ms
[Nest] 26448  - 07:31:38 28/12/2025     LOG [Startup] Application is running on: http://localhost:8000 +5ms
[Nest] 29492  - 07:37:55 28/12/2025     LOG [PM2] Connected to PM2 +0ms
[Nest] 29492  - 07:37:55 28/12/2025     LOG [Startup] Application is running on: http://localhost:8000 +5ms
[Nest] 33636  - 07:41:44 28/12/2025     LOG [PM2] Connected to PM2 +0ms
[Nest] 33636  - 07:41:44 28/12/2025     LOG [Startup] Application is running on: http://localhost:8000 +7ms
[Nest] 32356  - 07:42:50 28/12/2025     LOG [PM2] Connected to PM2 +0ms
[Nest] 32356  - 07:42:50 28/12/2025     LOG [Startup] Application is running on: http://localhost:8000 +7ms
[Nest] 32356  - 07:45:35 28/12/2025     LOG [PM2] Sent data to process: 19 +3m
[Nest] 32356  - 07:45:47 28/12/2025     LOG [PM2] Sent data to process: 19 +12s
[Nest] 23724  - 07:57:08 28/12/2025     LOG [PM2] Connected to PM2 +0ms
[Nest] 23724  - 07:57:08 28/12/2025     LOG [Startup] Application is running on: http://localhost:8000 +10ms
[Nest] 23724  - 07:57:25 28/12/2025     LOG [PM2] Sent data to process: 19 +17s
[Nest] 23724  - 07:57:40 28/12/2025     LOG [PM2] Sent data to process: 19 +15s
[Nest] 23724  - 07:57:42 28/12/2025     LOG [PM2] Sent data to process: 19 +2s
[Nest] 23724  - 07:59:23 28/12/2025     LOG [PM2] Sent data to process: 19 +2m
[Nest] 10492  - 08:25:48 28/12/2025     LOG [PM2] Connected to PM2 +0ms
[Nest] 10492  - 08:25:48 28/12/2025     LOG [Startup] Application is running on: http://localhost:8000 +6ms
[Nest] 11056  - 08:27:08 28/12/2025     LOG [PM2] Connected to PM2 +0ms
[Nest] 11056  - 08:27:08 28/12/2025     LOG [Startup] Application is running on: http://localhost:8000 +8ms
