[Nest] 21656  - 05:58:21 04/01/2026     LOG [Audit] [AUDIT] PM2_CONNECT | PM2 | Connected to PM2 | Success: true +0ms
[Nest] 21656  - 05:58:21 04/01/2026     LOG [Audit] [AUDIT] SERVER_STARTUP | SYSTEM | Server started on port 8000 | Success: true +5ms
[Nest] 21656  - 05:58:25 04/01/2026     LOG [Audit] [AUDIT] WEBSOCKET_AUTH_SUCCESS | WEBSOCKET | Client authenticated. Client: MeoPanel_master01. Total active connections: 1 | Success: true +4s
[Nest] 21656  - 05:58:28 04/01/2026     LOG [Audit] [AUDIT] WEBSOCKET_DISCONNECT | WEBSOCKET | Connection closed. Client: MeoPanel_master01. Total active connections: 0 | Success: true +3s
[Nest] 21656  - 05:58:29 04/01/2026     LOG [Audit] [AUDIT] WEBSOCKET_AUTH_SUCCESS | WEBSOCKET | Client authenticated. Client: MeoPanel_master01. Total active connections: 1 | Success: true +980ms
[Nest] 21656  - 05:59:08 04/01/2026     LOG [Audit] [AUDIT] PM2_RESURRECT | PM2 | Resurrected processes | Success: true +39s
[Nest] 19892  - 06:00:22 04/01/2026     LOG [Audit] [AUDIT] PM2_CONNECT | PM2 | Connected to PM2 | Success: true +0ms
[Nest] 19892  - 06:00:22 04/01/2026     LOG [Audit] [AUDIT] SERVER_STARTUP | SYSTEM | Server started on port 8000 | Success: true +5ms
[Nest] 19892  - 06:00:25 04/01/2026     LOG [Audit] [AUDIT] WEBSOCKET_AUTH_SUCCESS | WEBSOCKET | Client authenticated. Client: MeoPanel_master01. Total active connections: 1 | Success: true +3s
[Nest] 27920  - 06:00:44 04/01/2026     LOG [Audit] [AUDIT] PM2_CONNECT | PM2 | Connected to PM2 | Success: true +0ms
[Nest] 27920  - 06:00:44 04/01/2026     LOG [Audit] [AUDIT] SERVER_STARTUP | SYSTEM | Server started on port 8000 | Success: true +7ms
[Nest] 27920  - 06:00:47 04/01/2026     LOG [Audit] [AUDIT] WEBSOCKET_AUTH_SUCCESS | WEBSOCKET | Client authenticated. Client: MeoPanel_master01. Total active connections: 1 | Success: true +4s
[Nest] 2644  - 06:28:21 04/01/2026     LOG [Audit] [AUDIT] PM2_CONNECT | PM2 | Connected to PM2 | Success: true +0ms
[Nest] 2644  - 06:28:21 04/01/2026     LOG [Audit] [AUDIT] SERVER_STARTUP | SYSTEM | Server started on port 8000 | Success: true +5ms
[Nest] 2644  - 06:28:25 04/01/2026     LOG [Audit] [AUDIT] WEBSOCKET_AUTH_SUCCESS | WEBSOCKET | Client authenticated. Client: MeoPanel_master01. Total active connections: 1 | Success: true +4s
[Nest] 21420  - 06:33:11 04/01/2026     LOG [Audit] [AUDIT] PM2_CONNECT | PM2 | Connected to PM2 | Success: true +0ms
[Nest] 21420  - 06:33:11 04/01/2026     LOG [Audit] [AUDIT] SERVER_STARTUP | SYSTEM | Server started on port 8000 | Success: true +6ms
[Nest] 21420  - 06:33:14 04/01/2026     LOG [Audit] [AUDIT] WEBSOCKET_AUTH_SUCCESS | WEBSOCKET | Client authenticated. Client: MeoPanel_master01. Total active connections: 1 | Success: true +4s
[Nest] 30560  - 06:33:25 04/01/2026     LOG [Audit] [AUDIT] PM2_CONNECT | PM2 | Connected to PM2 | Success: true +0ms
[Nest] 30560  - 06:33:25 04/01/2026     LOG [Audit] [AUDIT] SERVER_STARTUP | SYSTEM | Server started on port 8000 | Success: true +7ms
[Nest] 30560  - 06:33:28 04/01/2026     LOG [Audit] [AUDIT] WEBSOCKET_AUTH_SUCCESS | WEBSOCKET | Client authenticated. Client: MeoPanel_master01. Total active connections: 1 | Success: true +3s
[Nest] 30560  - 06:43:18 04/01/2026     LOG [Audit] [AUDIT] WEBSOCKET_DISCONNECT | WEBSOCKET | Connection closed. Client: MeoPanel_master01. Total active connections: 0 | Success: true +10m
[Nest] 30560  - 06:43:21 04/01/2026     LOG [Audit] [AUDIT] WEBSOCKET_AUTH_SUCCESS | WEBSOCKET | Client authenticated. Client: MeoPanel_master01. Total active connections: 1 | Success: true +3s
[Nest] 30560  - 06:43:47 04/01/2026     LOG [Audit] [AUDIT] PM2_RESURRECT | PM2 | Resurrected processes | Success: true +26s
[Nest] 15604  - 06:43:52 04/01/2026     LOG [Audit] [AUDIT] PM2_CONNECT | PM2 | Connected to PM2 | Success: true +0ms
[Nest] 18060  - 06:43:52 04/01/2026     LOG [Audit] [AUDIT] PM2_CONNECT | PM2 | Connected to PM2 | Success: true +0ms
[Nest] 15604  - 06:43:52 04/01/2026     LOG [Audit] [AUDIT] SERVER_STARTUP | SYSTEM | Server started on port 8000 | Success: true +6ms
[Nest] 15604  - 06:43:53 04/01/2026     LOG [Audit] [AUDIT] WEBSOCKET_AUTH_SUCCESS | WEBSOCKET | Client authenticated. Client: MeoPanel_master01. Total active connections: 1 | Success: true +2s
[Nest] 15604  - 06:44:01 04/01/2026     LOG [Audit] [AUDIT] WEBSOCKET_DISCONNECT | WEBSOCKET | Connection closed. Client: MeoPanel_master01. Total active connections: 0 | Success: true +8s
[Nest] 15604  - 06:44:03 04/01/2026     LOG [Audit] [AUDIT] WEBSOCKET_AUTH_SUCCESS | WEBSOCKET | Client authenticated. Client: MeoPanel_master01. Total active connections: 1 | Success: true +1s
[Nest] 14132  - 06:44:21 04/01/2026     LOG [Audit] [AUDIT] PM2_CONNECT | PM2 | Connected to PM2 | Success: true +0ms
[Nest] 14132  - 06:44:21 04/01/2026     LOG [Audit] [AUDIT] SERVER_STARTUP | SYSTEM | Server started on port 8000 | Success: true +6ms
[Nest] 17456  - 06:44:22 04/01/2026     LOG [Audit] [AUDIT] PM2_CONNECT | PM2 | Connected to PM2 | Success: true +0ms
[Nest] 14132  - 06:44:26 04/01/2026     LOG [Audit] [AUDIT] WEBSOCKET_AUTH_SUCCESS | WEBSOCKET | Client authenticated. Client: MeoPanel_master01. Total active connections: 1 | Success: true +5s
[Nest] 28440  - 06:44:39 04/01/2026     LOG [Audit] [AUDIT] PM2_CONNECT | PM2 | Connected to PM2 | Success: true +0ms
[Nest] 28440  - 06:44:39 04/01/2026     LOG [Audit] [AUDIT] SERVER_STARTUP | SYSTEM | Server started on port 8000 | Success: true +5ms
[Nest] 30592  - 06:44:40 04/01/2026     LOG [Audit] [AUDIT] PM2_CONNECT | PM2 | Connected to PM2 | Success: true +0ms
[Nest] 28440  - 06:44:43 04/01/2026     LOG [Audit] [AUDIT] WEBSOCKET_AUTH_SUCCESS | WEBSOCKET | Client authenticated. Client: MeoPanel_master01. Total active connections: 1 | Success: true +4s
[Nest] 13692  - 06:53:47 04/01/2026     LOG [Audit] [AUDIT] PM2_CONNECT | PM2 | Connected to PM2 | Success: true +0ms
[Nest] 13692  - 06:53:47 04/01/2026     LOG [Audit] [AUDIT] SERVER_STARTUP | SYSTEM | Server started on port 8000 | Success: true +5ms
[Nest] 21828  - 06:53:47 04/01/2026     LOG [Audit] [AUDIT] PM2_CONNECT | PM2 | Connected to PM2 | Success: true +0ms
[Nest] 13828  - 06:53:49 04/01/2026     LOG [Audit] [AUDIT] PM2_CONNECT | PM2 | Connected to PM2 | Success: true +0ms
[Nest] 13828  - 06:53:49 04/01/2026     LOG [Audit] [AUDIT] SERVER_STARTUP | SYSTEM | Server started on port 8000 | Success: true +8ms
[Nest] 30476  - 06:53:49 04/01/2026     LOG [Audit] [AUDIT] PM2_CONNECT | PM2 | Connected to PM2 | Success: true +0ms
[Nest] 30476  - 06:53:49 04/01/2026     LOG [Audit] [AUDIT] SERVER_STARTUP | SYSTEM | Server started on port 8000 | Success: true +5ms
[Nest] 30524  - 06:53:50 04/01/2026     LOG [Audit] [AUDIT] PM2_CONNECT | PM2 | Connected to PM2 | Success: true +0ms
[Nest] 30524  - 06:53:50 04/01/2026     LOG [Audit] [AUDIT] SERVER_STARTUP | SYSTEM | Server started on port 8000 | Success: true +5ms
[Nest] 30560  - 06:53:50 04/01/2026     LOG [Audit] [AUDIT] PM2_CONNECT | PM2 | Connected to PM2 | Success: true +0ms
[Nest] 30524  - 06:53:51 04/01/2026     LOG [Audit] [AUDIT] WEBSOCKET_AUTH_SUCCESS | WEBSOCKET | Client authenticated. Client: MeoPanel_master01. Total active connections: 1 | Success: true +2s
[Nest] 32476  - 06:54:28 04/01/2026     LOG [Audit] [AUDIT] PM2_CONNECT | PM2 | Connected to PM2 | Success: true +0ms
[Nest] 32476  - 06:54:28 04/01/2026     LOG [Audit] [AUDIT] SERVER_STARTUP | SYSTEM | Server started on port 8000 | Success: true +7ms
[Nest] 28276  - 06:54:28 04/01/2026     LOG [Audit] [AUDIT] PM2_CONNECT | PM2 | Connected to PM2 | Success: true +0ms
[Nest] 32476  - 06:54:32 04/01/2026     LOG [Audit] [AUDIT] WEBSOCKET_AUTH_SUCCESS | WEBSOCKET | Client authenticated. Client: MeoPanel_master01. Total active connections: 1 | Success: true +5s
[Nest] 25220  - 06:57:07 04/01/2026     LOG [Audit] [AUDIT] PM2_CONNECT | PM2 | Connected to PM2 | Success: true +0ms
[Nest] 32476  - 06:57:49 04/01/2026     LOG [Audit] [AUDIT] WEBSOCKET_DISCONNECT | WEBSOCKET | Connection closed. Client: MeoPanel_master01. Total active connections: 0 | Success: true +3m
[Nest] 13344  - 06:59:36 04/01/2026     LOG [Audit] [AUDIT] PM2_CONNECT | PM2 | Connected to PM2 | Success: true +0ms
[Nest] 13344  - 06:59:36 04/01/2026     LOG [Audit] [AUDIT] SERVER_STARTUP | SYSTEM | Server started on port 8000 | Success: true +5ms
[Nest] 13344  - 07:01:56 04/01/2026     LOG [Audit] [AUDIT] WEBSOCKET_AUTH_SUCCESS | WEBSOCKET | Client authenticated. Client: MeoPanel_master01. Total active connections: 1 | Success: true +2m
[Nest] 13344  - 07:04:57 04/01/2026     LOG [Audit] [AUDIT] WEBSOCKET_DISCONNECT | WEBSOCKET | Connection closed. Client: MeoPanel_master01. Total active connections: 0 | Success: true +3m
[Nest] 13344  - 07:04:59 04/01/2026     LOG [Audit] [AUDIT] WEBSOCKET_AUTH_SUCCESS | WEBSOCKET | Client authenticated. Client: MeoPanel_master01. Total active connections: 1 | Success: true +2s
[Nest] 13344  - 07:06:15 04/01/2026     LOG [Audit] [AUDIT] WEBSOCKET_DISCONNECT | WEBSOCKET | Connection closed. Client: MeoPanel_master01. Total active connections: 0 | Success: true +1m
[Nest] 13344  - 07:06:16 04/01/2026     LOG [Audit] [AUDIT] WEBSOCKET_AUTH_SUCCESS | WEBSOCKET | Client authenticated. Client: MeoPanel_master01. Total active connections: 1 | Success: true +1s
[Nest] 27936  - 07:44:16 04/01/2026     LOG [Audit] [AUDIT] PM2_CONNECT | PM2 | Connected to PM2 | Success: true +0ms
[Nest] 23644  - 07:44:16 04/01/2026     LOG [Audit] [AUDIT] PM2_CONNECT | PM2 | Connected to PM2 | Success: true +0ms
[Nest] 27936  - 07:44:16 04/01/2026     LOG [Audit] [AUDIT] SERVER_STARTUP | SYSTEM | Server started on port 8000 | Success: true +7ms
[Nest] 27936  - 07:44:19 04/01/2026     LOG [Audit] [AUDIT] WEBSOCKET_AUTH_SUCCESS | WEBSOCKET | Client authenticated. Client: MeoPanel_master01. Total active connections: 1 | Success: true +3s
[Nest] 21176  - 08:44:40 04/01/2026     LOG [Audit] [AUDIT] PM2_CONNECT | PM2 | Connected to PM2 | Success: true +0ms
[Nest] 24468  - 08:44:40 04/01/2026     LOG [Audit] [AUDIT] PM2_CONNECT | PM2 | Connected to PM2 | Success: true +0ms
[Nest] 21176  - 08:44:40 04/01/2026     LOG [Audit] [AUDIT] SERVER_STARTUP | SYSTEM | Server started on port 8000 | Success: true +6ms
[Nest] 21176  - 08:44:40 04/01/2026     LOG [Audit] [AUDIT] WEBSOCKET_AUTH_SUCCESS | WEBSOCKET | Client authenticated. Client: MeoPanel_master01. Total active connections: 1 | Success: true +126ms
[Nest] 13528  - 09:44:20 04/01/2026     LOG [Audit] [AUDIT] PM2_CONNECT | PM2 | Connected to PM2 | Success: true +0ms
[Nest] 13528  - 09:44:20 04/01/2026     LOG [Audit] [AUDIT] SERVER_STARTUP | SYSTEM | Server started on port 8000 | Success: true +7ms
[Nest] 30724  - 09:44:20 04/01/2026     LOG [Audit] [AUDIT] PM2_CONNECT | PM2 | Connected to PM2 | Success: true +0ms
[Nest] 28372  - 09:44:21 04/01/2026     LOG [Audit] [AUDIT] PM2_CONNECT | PM2 | Connected to PM2 | Success: true +0ms
[Nest] 28372  - 09:44:21 04/01/2026     LOG [Audit] [AUDIT] SERVER_STARTUP | SYSTEM | Server started on port 8000 | Success: true +5ms
[Nest] 26656  - 09:44:22 04/01/2026     LOG [Audit] [AUDIT] PM2_CONNECT | PM2 | Connected to PM2 | Success: true +0ms
[Nest] 26656  - 09:44:22 04/01/2026     LOG [Audit] [AUDIT] SERVER_STARTUP | SYSTEM | Server started on port 8000 | Success: true +5ms
[Nest] 26656  - 09:44:24 04/01/2026     LOG [Audit] [AUDIT] WEBSOCKET_AUTH_SUCCESS | WEBSOCKET | Client authenticated. Client: MeoPanel_master01. Total active connections: 1 | Success: true +2s
[Nest] 7600  - 10:44:25 04/01/2026     LOG [Audit] [AUDIT] PM2_CONNECT | PM2 | Connected to PM2 | Success: true +0ms
[Nest] 7600  - 10:44:25 04/01/2026     LOG [Audit] [AUDIT] SERVER_STARTUP | SYSTEM | Server started on port 8000 | Success: true +7ms
[Nest] 28928  - 10:44:27 04/01/2026     LOG [Audit] [AUDIT] PM2_CONNECT | PM2 | Connected to PM2 | Success: true +0ms
[Nest] 28928  - 10:44:27 04/01/2026     LOG [Audit] [AUDIT] SERVER_STARTUP | SYSTEM | Server started on port 8000 | Success: true +5ms
[Nest] 28928  - 10:44:29 04/01/2026     LOG [Audit] [AUDIT] WEBSOCKET_AUTH_SUCCESS | WEBSOCKET | Client authenticated. Client: MeoPanel_master01. Total active connections: 1 | Success: true +2s
[Nest] 25648  - 11:44:31 04/01/2026     LOG [Audit] [AUDIT] PM2_CONNECT | PM2 | Connected to PM2 | Success: true +0ms
[Nest] 25648  - 11:44:31 04/01/2026     LOG [Audit] [AUDIT] SERVER_STARTUP | SYSTEM | Server started on port 8000 | Success: true +5ms
[Nest] 23436  - 11:44:33 04/01/2026     LOG [Audit] [AUDIT] PM2_CONNECT | PM2 | Connected to PM2 | Success: true +0ms
[Nest] 23436  - 11:44:33 04/01/2026     LOG [Audit] [AUDIT] SERVER_STARTUP | SYSTEM | Server started on port 8000 | Success: true +6ms
[Nest] 23436  - 11:44:35 04/01/2026     LOG [Audit] [AUDIT] WEBSOCKET_AUTH_SUCCESS | WEBSOCKET | Client authenticated. Client: MeoPanel_master01. Total active connections: 1 | Success: true +2s
[Nest] 33456  - 12:44:42 04/01/2026     LOG [Audit] [AUDIT] PM2_CONNECT | PM2 | Connected to PM2 | Success: true +0ms
[Nest] 33456  - 12:44:42 04/01/2026     LOG [Audit] [AUDIT] SERVER_STARTUP | SYSTEM | Server started on port 8000 | Success: true +6ms
[Nest] 20176  - 12:44:44 04/01/2026     LOG [Audit] [AUDIT] PM2_CONNECT | PM2 | Connected to PM2 | Success: true +0ms
[Nest] 20176  - 12:44:44 04/01/2026     LOG [Audit] [AUDIT] SERVER_STARTUP | SYSTEM | Server started on port 8000 | Success: true +5ms
[Nest] 20176  - 12:44:46 04/01/2026     LOG [Audit] [AUDIT] WEBSOCKET_AUTH_SUCCESS | WEBSOCKET | Client authenticated. Client: MeoPanel_master01. Total active connections: 1 | Success: true +2s
[Nest] 30180  - 13:44:50 04/01/2026     LOG [Audit] [AUDIT] PM2_CONNECT | PM2 | Connected to PM2 | Success: true +0ms
[Nest] 30180  - 13:44:50 04/01/2026     LOG [Audit] [AUDIT] SERVER_STARTUP | SYSTEM | Server started on port 8000 | Success: true +7ms
[Nest] 33736  - 13:44:52 04/01/2026     LOG [Audit] [AUDIT] PM2_CONNECT | PM2 | Connected to PM2 | Success: true +0ms
[Nest] 33736  - 13:44:52 04/01/2026     LOG [Audit] [AUDIT] SERVER_STARTUP | SYSTEM | Server started on port 8000 | Success: true +5ms
[Nest] 33736  - 13:44:54 04/01/2026     LOG [Audit] [AUDIT] WEBSOCKET_AUTH_SUCCESS | WEBSOCKET | Client authenticated. Client: MeoPanel_master01. Total active connections: 1 | Success: true +2s
[Nest] 15160  - 14:45:03 04/01/2026     LOG [Audit] [AUDIT] PM2_CONNECT | PM2 | Connected to PM2 | Success: true +0ms
[Nest] 15160  - 14:45:03 04/01/2026     LOG [Audit] [AUDIT] SERVER_STARTUP | SYSTEM | Server started on port 8000 | Success: true +5ms
[Nest] 24124  - 14:45:05 04/01/2026     LOG [Audit] [AUDIT] PM2_CONNECT | PM2 | Connected to PM2 | Success: true +0ms
[Nest] 24124  - 14:45:05 04/01/2026     LOG [Audit] [AUDIT] SERVER_STARTUP | SYSTEM | Server started on port 8000 | Success: true +5ms
[Nest] 24124  - 14:45:07 04/01/2026     LOG [Audit] [AUDIT] WEBSOCKET_AUTH_SUCCESS | WEBSOCKET | Client authenticated. Client: MeoPanel_master01. Total active connections: 1 | Success: true +2s
[Nest] 24124  - 15:31:23 04/01/2026     LOG [Audit] [AUDIT] WEBSOCKET_DISCONNECT | WEBSOCKET | Connection closed. Client: MeoPanel_master01. Total active connections: 0 | Success: true +46m
